<?xml version="1.0" encoding="UTF-8"?>
<!-- Generated by org.testng.reporters.JUnitXMLReporter -->
<testsuite ignored="0" hostname="210535-Munsur" failures="0" tests="3" name="Default test" time="10.771" errors="0" timestamp="2023-03-26T17:00:08 BDT">
  <testcase classname="TestCases.RechargeTest" name="recharge" time="1.082"/>
  <testcase classname="TestCases.RechargeTest" name="recharge" time="0.965"/>
  <testcase classname="TestCases.RechargeTest" name="recharge" time="0.968"/>
</testsuite> <!-- Default test -->
