<?xml version="1.0" encoding="UTF-8"?>
<!-- Generated by org.testng.reporters.JUnitXMLReporter -->
<testsuite ignored="0" hostname="210535-Munsur" failures="0" tests="3" name="Recharge Test" time="9.059" errors="0" timestamp="2023-03-26T12:33:21 BDT">
  <testcase classname="TestCases.RechargeTest" name="registration" time="1.598"/>
  <testcase classname="TestCases.RechargeTest" name="registration" time="1.202"/>
  <testcase classname="TestCases.RechargeTest" name="registration" time="1.227"/>
</testsuite> <!-- Recharge Test -->
