<?xml version="1.0" encoding="UTF-8"?>
<!-- Generated by org.testng.reporters.JUnitXMLReporter -->
<testsuite ignored="0" hostname="210535-Munsur" failures="0" tests="3" name="Sign In Test" time="164.858" errors="0" timestamp="2023-03-26T12:33:12 BDT">
  <testcase classname="TestCases.SignInTest" name="signIn" time="61.275"/>
  <testcase classname="TestCases.SignInTest" name="signIn" time="62.062"/>
  <testcase classname="TestCases.SignInTest" name="signIn" time="31.058"/>
</testsuite> <!-- Sign In Test -->
