<?xml version="1.0" encoding="UTF-8"?>
<!-- Generated by org.testng.reporters.JUnitXMLReporter -->
<testsuite hostname="PC025" ignored="0" name="Production Management" tests="540" failures="0" timestamp="2020-01-26T12:04:28 BDT" time="27.897" errors="0">
  <testcase name="@BeforeTest navigateToProductionPlanEntry" time="10.188" classname="Production_Management.ProductionPlanEntryTestCase">
    <failure type="org.openqa.selenium.TimeoutException" message="Expected condition failed: waiting for element to no longer be visible: By.id: overlay-background (tried for 10 second(s) with 500 milliseconds interval)">
      <![CDATA[org.openqa.selenium.TimeoutException: Expected condition failed: waiting for element to no longer be visible: By.id: overlay-background (tried for 10 second(s) with 500 milliseconds interval)
at org.openqa.selenium.support.ui.WebDriverWait.timeoutException(WebDriverWait.java:95)
at org.openqa.selenium.support.ui.FluentWait.until(FluentWait.java:272)
at Production_Management.ProductionPlanEntryTestCase.navigateToProductionPlanEntry(ProductionPlanEntryTestCase.java:24)
Caused by: org.openqa.selenium.NoSuchWindowException: no such window: target window already closed
from unknown error: web view not found
  (Session info: chrome=79.0.3945.130)
  (Driver info: chromedriver=2.44.609538 (b655c5a60b0b544917107a59d4153d4bf78e1b90),platform=Windows NT 6.1.7601 SP1 x86_64) (WARNING: The server did not provide any stacktrace information)
Command duration or timeout: 0 milliseconds
Build info: version: '3.141.59', revision: 'e82be7d358', time: '2018-11-14T08:17:03'
System info: host: 'PC025', ip: '192.168.11.58', os.name: 'Windows 7', os.arch: 'amd64', os.version: '6.1', java.version: '1.8.0_191'
Driver info: org.openqa.selenium.chrome.ChromeDriver
Capabilities {acceptInsecureCerts: false, acceptSslCerts: false, applicationCacheEnabled: false, browserConnectionEnabled: false, browserName: chrome, chrome: {chromedriverVersion: 2.44.609538 (b655c5a60b0b54..., userDataDir: C:\Users\Mansur\AppData\Loc...}, cssSelectorsEnabled: true, databaseEnabled: false, goog:chromeOptions: {debuggerAddress: localhost:53675}, handlesAlerts: true, hasTouchScreen: false, javascriptEnabled: true, locationContextEnabled: true, mobileEmulationEnabled: false, nativeEvents: true, networkConnectionEnabled: false, pageLoadStrategy: normal, platform: XP, platformName: XP, rotatable: false, setWindowRect: true, takesHeapSnapshot: true, takesScreenshot: true, unexpectedAlertBehaviour: ignore, unhandledPromptBehavior: ignore, version: 79.0.3945.130, webStorageEnabled: true}
Session ID: c78f452811773e0c0a53b2b9e3df0776
*** Element info: {Using=id, value=overlay-background}
at org.openqa.selenium.remote.ErrorHandler.createThrowable(ErrorHandler.java:214)
at org.openqa.selenium.remote.ErrorHandler.throwIfResponseFailed(ErrorHandler.java:166)
at org.openqa.selenium.remote.http.JsonHttpResponseCodec.reconstructValue(JsonHttpResponseCodec.java:40)
at org.openqa.selenium.remote.http.AbstractHttpResponseCodec.decode(AbstractHttpResponseCodec.java:80)
at org.openqa.selenium.remote.http.AbstractHttpResponseCodec.decode(AbstractHttpResponseCodec.java:44)
at org.openqa.selenium.remote.HttpCommandExecutor.execute(HttpCommandExecutor.java:158)
at org.openqa.selenium.remote.service.DriverCommandExecutor.execute(DriverCommandExecutor.java:83)
at org.openqa.selenium.remote.RemoteWebDriver.execute(RemoteWebDriver.java:552)
at org.openqa.selenium.remote.RemoteWebDriver.findElement(RemoteWebDriver.java:323)
at org.openqa.selenium.remote.RemoteWebDriver.findElementById(RemoteWebDriver.java:372)
at org.openqa.selenium.By$ById.findElement(By.java:188)
at org.openqa.selenium.remote.RemoteWebDriver.findElement(RemoteWebDriver.java:315)
at org.openqa.selenium.support.ui.ExpectedConditions$20.apply(ExpectedConditions.java:577)
at org.openqa.selenium.support.ui.ExpectedConditions$20.apply(ExpectedConditions.java:573)
at org.openqa.selenium.support.ui.FluentWait.until(FluentWait.java:249)
... 25 more
... Removed 27 stack frames]]>
    </failure>
  </testcase> <!-- @BeforeTest navigateToProductionPlanEntry -->
  <testcase name="@AfterMethod TearDown" time="-1.58001866746E9" classname="utility.BaseClass">
    <skipped/>
  </testcase> <!-- @AfterMethod TearDown -->
  <testcase name="@AfterMethod TearDown" time="-1.580018667466E9" classname="utility.BaseClass">
    <skipped/>
  </testcase> <!-- @AfterMethod TearDown -->
  <testcase name="@AfterMethod TearDown" time="-1.58001866747E9" classname="utility.BaseClass">
    <skipped/>
  </testcase> <!-- @AfterMethod TearDown -->
  <testcase name="@AfterMethod TearDown" time="-1.580018667486E9" classname="utility.BaseClass">
    <skipped/>
  </testcase> <!-- @AfterMethod TearDown -->
  <testcase name="@AfterMethod TearDown" time="-1.580018667495E9" classname="utility.BaseClass">
    <skipped/>
  </testcase> <!-- @AfterMethod TearDown -->
  <testcase name="@AfterMethod TearDown" time="-1.580018667498E9" classname="utility.BaseClass">
    <skipped/>
  </testcase> <!-- @AfterMethod TearDown -->
  <testcase name="@AfterMethod TearDown" time="-1.580018667527E9" classname="utility.BaseClass">
    <skipped/>
  </testcase> <!-- @AfterMethod TearDown -->
  <testcase name="@AfterMethod TearDown" time="-1.58001866754E9" classname="utility.BaseClass">
    <skipped/>
  </testcase> <!-- @AfterMethod TearDown -->
  <testcase name="@AfterMethod TearDown" time="-1.580018667549E9" classname="utility.BaseClass">
    <skipped/>
  </testcase> <!-- @AfterMethod TearDown -->
  <testcase name="@AfterMethod TearDown" time="-1.580018667552E9" classname="utility.BaseClass">
    <skipped/>
  </testcase> <!-- @AfterMethod TearDown -->
  <testcase name="@AfterMethod TearDown" time="-1.580018667556E9" classname="utility.BaseClass">
    <skipped/>
  </testcase> <!-- @AfterMethod TearDown -->
  <testcase name="@AfterMethod TearDown" time="-1.580018667563E9" classname="utility.BaseClass">
    <skipped/>
  </testcase> <!-- @AfterMethod TearDown -->
  <testcase name="@AfterMethod TearDown" time="-1.580018667569E9" classname="utility.BaseClass">
    <skipped/>
  </testcase> <!-- @AfterMethod TearDown -->
  <testcase name="@AfterMethod TearDown" time="-1.580018667571E9" classname="utility.BaseClass">
    <skipped/>
  </testcase> <!-- @AfterMethod TearDown -->
  <testcase name="@AfterMethod TearDown" time="-1.580018667575E9" classname="utility.BaseClass">
    <skipped/>
  </testcase> <!-- @AfterMethod TearDown -->
  <testcase name="@AfterMethod TearDown" time="-1.580018667579E9" classname="utility.BaseClass">
    <skipped/>
  </testcase> <!-- @AfterMethod TearDown -->
  <testcase name="@AfterMethod TearDown" time="-1.580018667585E9" classname="utility.BaseClass">
    <skipped/>
  </testcase> <!-- @AfterMethod TearDown -->
  <testcase name="@AfterMethod TearDown" time="-1.580018667589E9" classname="utility.BaseClass">
    <skipped/>
  </testcase> <!-- @AfterMethod TearDown -->
  <testcase name="@AfterMethod TearDown" time="-1.580018667592E9" classname="utility.BaseClass">
    <skipped/>
  </testcase> <!-- @AfterMethod TearDown -->
  <testcase name="@AfterMethod TearDown" time="-1.580018667595E9" classname="utility.BaseClass">
    <skipped/>
  </testcase> <!-- @AfterMethod TearDown -->
  <testcase name="@AfterMethod TearDown" time="-1.580018667597E9" classname="utility.BaseClass">
    <skipped/>
  </testcase> <!-- @AfterMethod TearDown -->
  <testcase name="@AfterMethod TearDown" time="-1.580018667599E9" classname="utility.BaseClass">
    <skipped/>
  </testcase> <!-- @AfterMethod TearDown -->
  <testcase name="@AfterMethod TearDown" time="-1.580018667601E9" classname="utility.BaseClass">
    <skipped/>
  </testcase> <!-- @AfterMethod TearDown -->
  <testcase name="@AfterMethod TearDown" time="-1.58001866761E9" classname="utility.BaseClass">
    <skipped/>
  </testcase> <!-- @AfterMethod TearDown -->
  <testcase name="@AfterMethod TearDown" time="-1.580018667619E9" classname="utility.BaseClass">
    <skipped/>
  </testcase> <!-- @AfterMethod TearDown -->
  <testcase name="@AfterMethod TearDown" time="-1.580018667622E9" classname="utility.BaseClass">
    <skipped/>
  </testcase> <!-- @AfterMethod TearDown -->
  <testcase name="@AfterMethod TearDown" time="-1.580018667624E9" classname="utility.BaseClass">
    <skipped/>
  </testcase> <!-- @AfterMethod TearDown -->
  <testcase name="@AfterMethod TearDown" time="-1.580018667626E9" classname="utility.BaseClass">
    <skipped/>
  </testcase> <!-- @AfterMethod TearDown -->
  <testcase name="@AfterMethod TearDown" time="-1.580018667629E9" classname="utility.BaseClass">
    <skipped/>
  </testcase> <!-- @AfterMethod TearDown -->
  <testcase name="@AfterMethod TearDown" time="-1.580018667631E9" classname="utility.BaseClass">
    <skipped/>
  </testcase> <!-- @AfterMethod TearDown -->
  <testcase name="@AfterMethod TearDown" time="-1.580018667633E9" classname="utility.BaseClass">
    <skipped/>
  </testcase> <!-- @AfterMethod TearDown -->
  <testcase name="@AfterMethod TearDown" time="-1.580018667635E9" classname="utility.BaseClass">
    <skipped/>
  </testcase> <!-- @AfterMethod TearDown -->
  <testcase name="@AfterMethod TearDown" time="-1.580018667638E9" classname="utility.BaseClass">
    <skipped/>
  </testcase> <!-- @AfterMethod TearDown -->
  <testcase name="@AfterMethod TearDown" time="-1.58001866764E9" classname="utility.BaseClass">
    <skipped/>
  </testcase> <!-- @AfterMethod TearDown -->
  <testcase name="@AfterMethod TearDown" time="-1.580018667642E9" classname="utility.BaseClass">
    <skipped/>
  </testcase> <!-- @AfterMethod TearDown -->
  <testcase name="@AfterMethod TearDown" time="-1.580018667645E9" classname="utility.BaseClass">
    <skipped/>
  </testcase> <!-- @AfterMethod TearDown -->
  <testcase name="@AfterMethod TearDown" time="-1.58001866765E9" classname="utility.BaseClass">
    <skipped/>
  </testcase> <!-- @AfterMethod TearDown -->
  <testcase name="@AfterMethod TearDown" time="-1.580018667653E9" classname="utility.BaseClass">
    <skipped/>
  </testcase> <!-- @AfterMethod TearDown -->
  <testcase name="@AfterMethod TearDown" time="-1.580018667656E9" classname="utility.BaseClass">
    <skipped/>
  </testcase> <!-- @AfterMethod TearDown -->
  <testcase name="@AfterMethod TearDown" time="-1.580018667658E9" classname="utility.BaseClass">
    <skipped/>
  </testcase> <!-- @AfterMethod TearDown -->
  <testcase name="@AfterMethod TearDown" time="-1.580018667661E9" classname="utility.BaseClass">
    <skipped/>
  </testcase> <!-- @AfterMethod TearDown -->
  <testcase name="@AfterMethod TearDown" time="-1.580018667665E9" classname="utility.BaseClass">
    <skipped/>
  </testcase> <!-- @AfterMethod TearDown -->
  <testcase name="@AfterMethod TearDown" time="-1.580018667673E9" classname="utility.BaseClass">
    <skipped/>
  </testcase> <!-- @AfterMethod TearDown -->
  <testcase name="@AfterMethod TearDown" time="-1.580018667676E9" classname="utility.BaseClass">
    <skipped/>
  </testcase> <!-- @AfterMethod TearDown -->
  <testcase name="@AfterMethod TearDown" time="-1.580018667678E9" classname="utility.BaseClass">
    <skipped/>
  </testcase> <!-- @AfterMethod TearDown -->
  <testcase name="@AfterMethod TearDown" time="-1.580018667685E9" classname="utility.BaseClass">
    <skipped/>
  </testcase> <!-- @AfterMethod TearDown -->
  <testcase name="@AfterMethod TearDown" time="-1.580018667689E9" classname="utility.BaseClass">
    <skipped/>
  </testcase> <!-- @AfterMethod TearDown -->
  <testcase name="@AfterMethod TearDown" time="-1.580018667691E9" classname="utility.BaseClass">
    <skipped/>
  </testcase> <!-- @AfterMethod TearDown -->
  <testcase name="@AfterMethod TearDown" time="-1.580018667693E9" classname="utility.BaseClass">
    <skipped/>
  </testcase> <!-- @AfterMethod TearDown -->
  <testcase name="@AfterMethod TearDown" time="-1.580018667695E9" classname="utility.BaseClass">
    <skipped/>
  </testcase> <!-- @AfterMethod TearDown -->
  <testcase name="@AfterMethod TearDown" time="-1.580018667697E9" classname="utility.BaseClass">
    <skipped/>
  </testcase> <!-- @AfterMethod TearDown -->
  <testcase name="@AfterMethod TearDown" time="-1.580018667699E9" classname="utility.BaseClass">
    <skipped/>
  </testcase> <!-- @AfterMethod TearDown -->
  <testcase name="@AfterMethod TearDown" time="-1.580018667701E9" classname="utility.BaseClass">
    <skipped/>
  </testcase> <!-- @AfterMethod TearDown -->
  <testcase name="@AfterMethod TearDown" time="-1.580018667703E9" classname="utility.BaseClass">
    <skipped/>
  </testcase> <!-- @AfterMethod TearDown -->
  <testcase name="@AfterMethod TearDown" time="-1.580018667706E9" classname="utility.BaseClass">
    <skipped/>
  </testcase> <!-- @AfterMethod TearDown -->
  <testcase name="@AfterMethod TearDown" time="-1.580018667708E9" classname="utility.BaseClass">
    <skipped/>
  </testcase> <!-- @AfterMethod TearDown -->
  <testcase name="@AfterMethod TearDown" time="-1.580018667711E9" classname="utility.BaseClass">
    <skipped/>
  </testcase> <!-- @AfterMethod TearDown -->
  <testcase name="@AfterMethod TearDown" time="-1.580018667714E9" classname="utility.BaseClass">
    <skipped/>
  </testcase> <!-- @AfterMethod TearDown -->
  <testcase name="@AfterMethod TearDown" time="-1.580018667717E9" classname="utility.BaseClass">
    <skipped/>
  </testcase> <!-- @AfterMethod TearDown -->
  <testcase name="@AfterMethod TearDown" time="-1.580018667736E9" classname="utility.BaseClass">
    <skipped/>
  </testcase> <!-- @AfterMethod TearDown -->
  <testcase name="@AfterMethod TearDown" time="-1.580018667739E9" classname="utility.BaseClass">
    <skipped/>
  </testcase> <!-- @AfterMethod TearDown -->
  <testcase name="@AfterMethod TearDown" time="-1.580018667742E9" classname="utility.BaseClass">
    <skipped/>
  </testcase> <!-- @AfterMethod TearDown -->
  <testcase name="@AfterMethod TearDown" time="-1.580018667745E9" classname="utility.BaseClass">
    <skipped/>
  </testcase> <!-- @AfterMethod TearDown -->
  <testcase name="@AfterMethod TearDown" time="-1.580018667747E9" classname="utility.BaseClass">
    <skipped/>
  </testcase> <!-- @AfterMethod TearDown -->
  <testcase name="@AfterMethod TearDown" time="-1.580018667749E9" classname="utility.BaseClass">
    <skipped/>
  </testcase> <!-- @AfterMethod TearDown -->
  <testcase name="@AfterMethod TearDown" time="-1.580018667754E9" classname="utility.BaseClass">
    <skipped/>
  </testcase> <!-- @AfterMethod TearDown -->
  <testcase name="@AfterMethod TearDown" time="-1.580018667763E9" classname="utility.BaseClass">
    <skipped/>
  </testcase> <!-- @AfterMethod TearDown -->
  <testcase name="@AfterMethod TearDown" time="-1.580018667766E9" classname="utility.BaseClass">
    <skipped/>
  </testcase> <!-- @AfterMethod TearDown -->
  <testcase name="@AfterMethod TearDown" time="-1.580018667776E9" classname="utility.BaseClass">
    <skipped/>
  </testcase> <!-- @AfterMethod TearDown -->
  <testcase name="@AfterMethod TearDown" time="-1.580018667778E9" classname="utility.BaseClass">
    <skipped/>
  </testcase> <!-- @AfterMethod TearDown -->
  <testcase name="@AfterMethod TearDown" time="-1.580018667781E9" classname="utility.BaseClass">
    <skipped/>
  </testcase> <!-- @AfterMethod TearDown -->
  <testcase name="@AfterMethod TearDown" time="-1.580018667783E9" classname="utility.BaseClass">
    <skipped/>
  </testcase> <!-- @AfterMethod TearDown -->
  <testcase name="@AfterMethod TearDown" time="-1.580018667785E9" classname="utility.BaseClass">
    <skipped/>
  </testcase> <!-- @AfterMethod TearDown -->
  <testcase name="@AfterMethod TearDown" time="-1.580018667788E9" classname="utility.BaseClass">
    <skipped/>
  </testcase> <!-- @AfterMethod TearDown -->
  <testcase name="@AfterMethod TearDown" time="-1.580018667791E9" classname="utility.BaseClass">
    <skipped/>
  </testcase> <!-- @AfterMethod TearDown -->
  <testcase name="@AfterMethod TearDown" time="-1.580018667794E9" classname="utility.BaseClass">
    <skipped/>
  </testcase> <!-- @AfterMethod TearDown -->
  <testcase name="@AfterMethod TearDown" time="-1.580018667797E9" classname="utility.BaseClass">
    <skipped/>
  </testcase> <!-- @AfterMethod TearDown -->
  <testcase name="@AfterMethod TearDown" time="-1.580018667799E9" classname="utility.BaseClass">
    <skipped/>
  </testcase> <!-- @AfterMethod TearDown -->
  <testcase name="@AfterMethod TearDown" time="-1.580018667801E9" classname="utility.BaseClass">
    <skipped/>
  </testcase> <!-- @AfterMethod TearDown -->
  <testcase name="@AfterMethod TearDown" time="-1.580018667804E9" classname="utility.BaseClass">
    <skipped/>
  </testcase> <!-- @AfterMethod TearDown -->
  <testcase name="@AfterMethod TearDown" time="-1.580018667806E9" classname="utility.BaseClass">
    <skipped/>
  </testcase> <!-- @AfterMethod TearDown -->
  <testcase name="@AfterMethod TearDown" time="-1.58001866781E9" classname="utility.BaseClass">
    <skipped/>
  </testcase> <!-- @AfterMethod TearDown -->
  <testcase name="@AfterMethod TearDown" time="-1.580018667813E9" classname="utility.BaseClass">
    <skipped/>
  </testcase> <!-- @AfterMethod TearDown -->
  <testcase name="@AfterMethod TearDown" time="-1.580018667817E9" classname="utility.BaseClass">
    <skipped/>
  </testcase> <!-- @AfterMethod TearDown -->
  <testcase name="@AfterMethod TearDown" time="-1.580018667822E9" classname="utility.BaseClass">
    <skipped/>
  </testcase> <!-- @AfterMethod TearDown -->
  <testcase name="@AfterMethod TearDown" time="-1.580018667825E9" classname="utility.BaseClass">
    <skipped/>
  </testcase> <!-- @AfterMethod TearDown -->
  <testcase name="@AfterMethod TearDown" time="-1.580018667828E9" classname="utility.BaseClass">
    <skipped/>
  </testcase> <!-- @AfterMethod TearDown -->
  <testcase name="@AfterMethod TearDown" time="-1.58001866783E9" classname="utility.BaseClass">
    <skipped/>
  </testcase> <!-- @AfterMethod TearDown -->
  <testcase name="@AfterMethod TearDown" time="-1.580018667833E9" classname="utility.BaseClass">
    <skipped/>
  </testcase> <!-- @AfterMethod TearDown -->
  <testcase name="@AfterMethod TearDown" time="-1.580018667836E9" classname="utility.BaseClass">
    <skipped/>
  </testcase> <!-- @AfterMethod TearDown -->
  <testcase name="@AfterMethod TearDown" time="-1.580018667838E9" classname="utility.BaseClass">
    <skipped/>
  </testcase> <!-- @AfterMethod TearDown -->
  <testcase name="@AfterMethod TearDown" time="-1.580018667839E9" classname="utility.BaseClass">
    <skipped/>
  </testcase> <!-- @AfterMethod TearDown -->
  <testcase name="@AfterMethod TearDown" time="-1.580018667842E9" classname="utility.BaseClass">
    <skipped/>
  </testcase> <!-- @AfterMethod TearDown -->
  <testcase name="@AfterMethod TearDown" time="-1.580018667844E9" classname="utility.BaseClass">
    <skipped/>
  </testcase> <!-- @AfterMethod TearDown -->
  <testcase name="@AfterMethod TearDown" time="-1.580018667847E9" classname="utility.BaseClass">
    <skipped/>
  </testcase> <!-- @AfterMethod TearDown -->
  <testcase name="@AfterMethod TearDown" time="-1.580018667849E9" classname="utility.BaseClass">
    <skipped/>
  </testcase> <!-- @AfterMethod TearDown -->
  <testcase name="@AfterMethod TearDown" time="-1.580018667852E9" classname="utility.BaseClass">
    <skipped/>
  </testcase> <!-- @AfterMethod TearDown -->
  <testcase name="@AfterMethod TearDown" time="-1.580018667854E9" classname="utility.BaseClass">
    <skipped/>
  </testcase> <!-- @AfterMethod TearDown -->
  <testcase name="@AfterMethod TearDown" time="-1.580018667857E9" classname="utility.BaseClass">
    <skipped/>
  </testcase> <!-- @AfterMethod TearDown -->
  <testcase name="@AfterMethod TearDown" time="-1.580018667859E9" classname="utility.BaseClass">
    <skipped/>
  </testcase> <!-- @AfterMethod TearDown -->
  <testcase name="@AfterMethod TearDown" time="-1.58001866786E9" classname="utility.BaseClass">
    <skipped/>
  </testcase> <!-- @AfterMethod TearDown -->
  <testcase name="@AfterMethod TearDown" time="-1.580018667869E9" classname="utility.BaseClass">
    <skipped/>
  </testcase> <!-- @AfterMethod TearDown -->
  <testcase name="@AfterMethod TearDown" time="-1.580018667871E9" classname="utility.BaseClass">
    <skipped/>
  </testcase> <!-- @AfterMethod TearDown -->
  <testcase name="@AfterMethod TearDown" time="-1.580018667873E9" classname="utility.BaseClass">
    <skipped/>
  </testcase> <!-- @AfterMethod TearDown -->
  <testcase name="@AfterMethod TearDown" time="-1.580018667874E9" classname="utility.BaseClass">
    <skipped/>
  </testcase> <!-- @AfterMethod TearDown -->
  <testcase name="@AfterMethod TearDown" time="-1.580018667877E9" classname="utility.BaseClass">
    <skipped/>
  </testcase> <!-- @AfterMethod TearDown -->
  <testcase name="@AfterMethod TearDown" time="-1.580018667879E9" classname="utility.BaseClass">
    <skipped/>
  </testcase> <!-- @AfterMethod TearDown -->
  <testcase name="@AfterMethod TearDown" time="-1.580018667881E9" classname="utility.BaseClass">
    <skipped/>
  </testcase> <!-- @AfterMethod TearDown -->
  <testcase name="@AfterMethod TearDown" time="-1.580018667883E9" classname="utility.BaseClass">
    <skipped/>
  </testcase> <!-- @AfterMethod TearDown -->
  <testcase name="@AfterMethod TearDown" time="-1.580018667886E9" classname="utility.BaseClass">
    <skipped/>
  </testcase> <!-- @AfterMethod TearDown -->
  <testcase name="@AfterMethod TearDown" time="-1.580018667888E9" classname="utility.BaseClass">
    <skipped/>
  </testcase> <!-- @AfterMethod TearDown -->
  <testcase name="@AfterMethod TearDown" time="-1.580018667889E9" classname="utility.BaseClass">
    <skipped/>
  </testcase> <!-- @AfterMethod TearDown -->
  <testcase name="@AfterMethod TearDown" time="-1.580018667891E9" classname="utility.BaseClass">
    <skipped/>
  </testcase> <!-- @AfterMethod TearDown -->
  <testcase name="@AfterMethod TearDown" time="-1.580018667893E9" classname="utility.BaseClass">
    <skipped/>
  </testcase> <!-- @AfterMethod TearDown -->
  <testcase name="@AfterMethod TearDown" time="-1.580018667894E9" classname="utility.BaseClass">
    <skipped/>
  </testcase> <!-- @AfterMethod TearDown -->
  <testcase name="@AfterMethod TearDown" time="-1.580018667896E9" classname="utility.BaseClass">
    <skipped/>
  </testcase> <!-- @AfterMethod TearDown -->
  <testcase name="@AfterMethod TearDown" time="-1.580018667898E9" classname="utility.BaseClass">
    <skipped/>
  </testcase> <!-- @AfterMethod TearDown -->
  <testcase name="@AfterMethod TearDown" time="-1.580018667899E9" classname="utility.BaseClass">
    <skipped/>
  </testcase> <!-- @AfterMethod TearDown -->
  <testcase name="@AfterMethod TearDown" time="-1.580018667901E9" classname="utility.BaseClass">
    <skipped/>
  </testcase> <!-- @AfterMethod TearDown -->
  <testcase name="@AfterMethod TearDown" time="-1.580018667903E9" classname="utility.BaseClass">
    <skipped/>
  </testcase> <!-- @AfterMethod TearDown -->
  <testcase name="@AfterMethod TearDown" time="-1.580018667906E9" classname="utility.BaseClass">
    <skipped/>
  </testcase> <!-- @AfterMethod TearDown -->
  <testcase name="@AfterMethod TearDown" time="-1.580018667907E9" classname="utility.BaseClass">
    <skipped/>
  </testcase> <!-- @AfterMethod TearDown -->
  <testcase name="@AfterMethod TearDown" time="-1.580018667909E9" classname="utility.BaseClass">
    <skipped/>
  </testcase> <!-- @AfterMethod TearDown -->
  <testcase name="@AfterMethod TearDown" time="-1.580018667911E9" classname="utility.BaseClass">
    <skipped/>
  </testcase> <!-- @AfterMethod TearDown -->
  <testcase name="@AfterMethod TearDown" time="-1.580018667913E9" classname="utility.BaseClass">
    <skipped/>
  </testcase> <!-- @AfterMethod TearDown -->
  <testcase name="@AfterMethod TearDown" time="-1.580018667915E9" classname="utility.BaseClass">
    <skipped/>
  </testcase> <!-- @AfterMethod TearDown -->
  <testcase name="@AfterMethod TearDown" time="-1.580018667918E9" classname="utility.BaseClass">
    <skipped/>
  </testcase> <!-- @AfterMethod TearDown -->
  <testcase name="@AfterMethod TearDown" time="-1.58001866792E9" classname="utility.BaseClass">
    <skipped/>
  </testcase> <!-- @AfterMethod TearDown -->
  <testcase name="@AfterMethod TearDown" time="-1.580018667923E9" classname="utility.BaseClass">
    <skipped/>
  </testcase> <!-- @AfterMethod TearDown -->
  <testcase name="@AfterMethod TearDown" time="-1.580018667926E9" classname="utility.BaseClass">
    <skipped/>
  </testcase> <!-- @AfterMethod TearDown -->
  <testcase name="@AfterMethod TearDown" time="-1.580018667927E9" classname="utility.BaseClass">
    <skipped/>
  </testcase> <!-- @AfterMethod TearDown -->
  <testcase name="@AfterMethod TearDown" time="-1.580018667929E9" classname="utility.BaseClass">
    <skipped/>
  </testcase> <!-- @AfterMethod TearDown -->
  <testcase name="@AfterMethod TearDown" time="-1.58001866793E9" classname="utility.BaseClass">
    <skipped/>
  </testcase> <!-- @AfterMethod TearDown -->
  <testcase name="@AfterMethod TearDown" time="-1.580018667931E9" classname="utility.BaseClass">
    <skipped/>
  </testcase> <!-- @AfterMethod TearDown -->
  <testcase name="@AfterMethod TearDown" time="-1.580018667933E9" classname="utility.BaseClass">
    <skipped/>
  </testcase> <!-- @AfterMethod TearDown -->
  <testcase name="@AfterMethod TearDown" time="-1.580018667935E9" classname="utility.BaseClass">
    <skipped/>
  </testcase> <!-- @AfterMethod TearDown -->
  <testcase name="@AfterMethod TearDown" time="-1.580018667938E9" classname="utility.BaseClass">
    <skipped/>
  </testcase> <!-- @AfterMethod TearDown -->
  <testcase name="@AfterMethod TearDown" time="-1.58001866794E9" classname="utility.BaseClass">
    <skipped/>
  </testcase> <!-- @AfterMethod TearDown -->
  <testcase name="@AfterMethod TearDown" time="-1.580018667941E9" classname="utility.BaseClass">
    <skipped/>
  </testcase> <!-- @AfterMethod TearDown -->
  <testcase name="@AfterMethod TearDown" time="-1.580018667943E9" classname="utility.BaseClass">
    <skipped/>
  </testcase> <!-- @AfterMethod TearDown -->
  <testcase name="@AfterMethod TearDown" time="-1.580018667945E9" classname="utility.BaseClass">
    <skipped/>
  </testcase> <!-- @AfterMethod TearDown -->
  <testcase name="@AfterMethod TearDown" time="-1.580018667947E9" classname="utility.BaseClass">
    <skipped/>
  </testcase> <!-- @AfterMethod TearDown -->
  <testcase name="@AfterMethod TearDown" time="-1.58001866795E9" classname="utility.BaseClass">
    <skipped/>
  </testcase> <!-- @AfterMethod TearDown -->
  <testcase name="@AfterMethod TearDown" time="-1.580018667951E9" classname="utility.BaseClass">
    <skipped/>
  </testcase> <!-- @AfterMethod TearDown -->
  <testcase name="@AfterMethod TearDown" time="-1.580018667952E9" classname="utility.BaseClass">
    <skipped/>
  </testcase> <!-- @AfterMethod TearDown -->
  <testcase name="@AfterMethod TearDown" time="-1.580018667954E9" classname="utility.BaseClass">
    <skipped/>
  </testcase> <!-- @AfterMethod TearDown -->
  <testcase name="@AfterMethod TearDown" time="-1.580018667955E9" classname="utility.BaseClass">
    <skipped/>
  </testcase> <!-- @AfterMethod TearDown -->
  <testcase name="@AfterMethod TearDown" time="-1.580018667957E9" classname="utility.BaseClass">
    <skipped/>
  </testcase> <!-- @AfterMethod TearDown -->
  <testcase name="@AfterMethod TearDown" time="-1.580018667958E9" classname="utility.BaseClass">
    <skipped/>
  </testcase> <!-- @AfterMethod TearDown -->
  <testcase name="@AfterMethod TearDown" time="-1.58001866796E9" classname="utility.BaseClass">
    <skipped/>
  </testcase> <!-- @AfterMethod TearDown -->
  <testcase name="@AfterMethod TearDown" time="-1.580018667961E9" classname="utility.BaseClass">
    <skipped/>
  </testcase> <!-- @AfterMethod TearDown -->
  <testcase name="@AfterMethod TearDown" time="-1.580018667963E9" classname="utility.BaseClass">
    <skipped/>
  </testcase> <!-- @AfterMethod TearDown -->
  <testcase name="@AfterMethod TearDown" time="-1.580018667965E9" classname="utility.BaseClass">
    <skipped/>
  </testcase> <!-- @AfterMethod TearDown -->
  <testcase name="@AfterMethod TearDown" time="-1.580018667967E9" classname="utility.BaseClass">
    <skipped/>
  </testcase> <!-- @AfterMethod TearDown -->
  <testcase name="@AfterMethod TearDown" time="-1.580018667969E9" classname="utility.BaseClass">
    <skipped/>
  </testcase> <!-- @AfterMethod TearDown -->
  <testcase name="@AfterMethod TearDown" time="-1.58001866797E9" classname="utility.BaseClass">
    <skipped/>
  </testcase> <!-- @AfterMethod TearDown -->
  <testcase name="@AfterMethod TearDown" time="-1.580018667972E9" classname="utility.BaseClass">
    <skipped/>
  </testcase> <!-- @AfterMethod TearDown -->
  <testcase name="@AfterMethod TearDown" time="-1.580018667973E9" classname="utility.BaseClass">
    <skipped/>
  </testcase> <!-- @AfterMethod TearDown -->
  <testcase name="@AfterMethod TearDown" time="-1.580018667976E9" classname="utility.BaseClass">
    <skipped/>
  </testcase> <!-- @AfterMethod TearDown -->
  <testcase name="@AfterMethod TearDown" time="-1.580018667977E9" classname="utility.BaseClass">
    <skipped/>
  </testcase> <!-- @AfterMethod TearDown -->
  <testcase name="@AfterMethod TearDown" time="-1.58001866798E9" classname="utility.BaseClass">
    <skipped/>
  </testcase> <!-- @AfterMethod TearDown -->
  <testcase name="@AfterMethod TearDown" time="-1.580018667982E9" classname="utility.BaseClass">
    <skipped/>
  </testcase> <!-- @AfterMethod TearDown -->
  <testcase name="@AfterMethod TearDown" time="-1.580018667985E9" classname="utility.BaseClass">
    <skipped/>
  </testcase> <!-- @AfterMethod TearDown -->
  <testcase name="@AfterMethod TearDown" time="-1.580018667986E9" classname="utility.BaseClass">
    <skipped/>
  </testcase> <!-- @AfterMethod TearDown -->
  <testcase name="@AfterMethod TearDown" time="-1.580018667989E9" classname="utility.BaseClass">
    <skipped/>
  </testcase> <!-- @AfterMethod TearDown -->
  <testcase name="@AfterMethod TearDown" time="-1.580018667991E9" classname="utility.BaseClass">
    <skipped/>
  </testcase> <!-- @AfterMethod TearDown -->
  <testcase name="@AfterMethod TearDown" time="-1.580018667992E9" classname="utility.BaseClass">
    <skipped/>
  </testcase> <!-- @AfterMethod TearDown -->
  <testcase name="@AfterMethod TearDown" time="-1.580018667994E9" classname="utility.BaseClass">
    <skipped/>
  </testcase> <!-- @AfterMethod TearDown -->
  <testcase name="@AfterMethod TearDown" time="-1.580018667995E9" classname="utility.BaseClass">
    <skipped/>
  </testcase> <!-- @AfterMethod TearDown -->
  <testcase name="@AfterMethod TearDown" time="-1.580018667997E9" classname="utility.BaseClass">
    <skipped/>
  </testcase> <!-- @AfterMethod TearDown -->
  <testcase name="@AfterMethod TearDown" time="-1.580018667999E9" classname="utility.BaseClass">
    <skipped/>
  </testcase> <!-- @AfterMethod TearDown -->
  <testcase name="@AfterMethod TearDown" time="-1.580018668002E9" classname="utility.BaseClass">
    <skipped/>
  </testcase> <!-- @AfterMethod TearDown -->
  <testcase name="@AfterMethod TearDown" time="-1.580018668008E9" classname="utility.BaseClass">
    <skipped/>
  </testcase> <!-- @AfterMethod TearDown -->
  <testcase name="@AfterMethod TearDown" time="-1.58001866801E9" classname="utility.BaseClass">
    <skipped/>
  </testcase> <!-- @AfterMethod TearDown -->
  <testcase name="@AfterMethod TearDown" time="-1.580018668012E9" classname="utility.BaseClass">
    <skipped/>
  </testcase> <!-- @AfterMethod TearDown -->
  <testcase name="@AfterMethod TearDown" time="-1.580018668014E9" classname="utility.BaseClass">
    <skipped/>
  </testcase> <!-- @AfterMethod TearDown -->
  <testcase name="@AfterMethod TearDown" time="-1.580018668015E9" classname="utility.BaseClass">
    <skipped/>
  </testcase> <!-- @AfterMethod TearDown -->
  <testcase name="@AfterMethod TearDown" time="-1.580018668017E9" classname="utility.BaseClass">
    <skipped/>
  </testcase> <!-- @AfterMethod TearDown -->
  <testcase name="@AfterMethod TearDown" time="-1.58001866802E9" classname="utility.BaseClass">
    <skipped/>
  </testcase> <!-- @AfterMethod TearDown -->
  <testcase name="@AfterMethod TearDown" time="-1.580018668022E9" classname="utility.BaseClass">
    <skipped/>
  </testcase> <!-- @AfterMethod TearDown -->
  <testcase name="@AfterMethod TearDown" time="-1.580018668028E9" classname="utility.BaseClass">
    <skipped/>
  </testcase> <!-- @AfterMethod TearDown -->
  <testcase name="@AfterMethod TearDown" time="-1.58001866803E9" classname="utility.BaseClass">
    <skipped/>
  </testcase> <!-- @AfterMethod TearDown -->
  <testcase name="@AfterMethod TearDown" time="-1.580018668031E9" classname="utility.BaseClass">
    <skipped/>
  </testcase> <!-- @AfterMethod TearDown -->
  <testcase name="@AfterMethod TearDown" time="-1.580018668033E9" classname="utility.BaseClass">
    <skipped/>
  </testcase> <!-- @AfterMethod TearDown -->
  <testcase name="@AfterMethod TearDown" time="-1.580018668034E9" classname="utility.BaseClass">
    <skipped/>
  </testcase> <!-- @AfterMethod TearDown -->
  <testcase name="@AfterMethod TearDown" time="-1.580018668036E9" classname="utility.BaseClass">
    <skipped/>
  </testcase> <!-- @AfterMethod TearDown -->
  <testcase name="@AfterMethod TearDown" time="-1.580018668037E9" classname="utility.BaseClass">
    <skipped/>
  </testcase> <!-- @AfterMethod TearDown -->
  <testcase name="@AfterMethod TearDown" time="-1.580018668039E9" classname="utility.BaseClass">
    <skipped/>
  </testcase> <!-- @AfterMethod TearDown -->
  <testcase name="@AfterMethod TearDown" time="-1.580018668041E9" classname="utility.BaseClass">
    <skipped/>
  </testcase> <!-- @AfterMethod TearDown -->
  <testcase name="@AfterMethod TearDown" time="-1.580018668042E9" classname="utility.BaseClass">
    <skipped/>
  </testcase> <!-- @AfterMethod TearDown -->
  <testcase name="@AfterMethod TearDown" time="-1.580018668044E9" classname="utility.BaseClass">
    <skipped/>
  </testcase> <!-- @AfterMethod TearDown -->
  <testcase name="@AfterMethod TearDown" time="-1.580018668045E9" classname="utility.BaseClass">
    <skipped/>
  </testcase> <!-- @AfterMethod TearDown -->
  <testcase name="@AfterMethod TearDown" time="-1.580018668047E9" classname="utility.BaseClass">
    <skipped/>
  </testcase> <!-- @AfterMethod TearDown -->
  <testcase name="@AfterMethod TearDown" time="-1.580018668048E9" classname="utility.BaseClass">
    <skipped/>
  </testcase> <!-- @AfterMethod TearDown -->
  <testcase name="@AfterMethod TearDown" time="-1.58001866805E9" classname="utility.BaseClass">
    <skipped/>
  </testcase> <!-- @AfterMethod TearDown -->
  <testcase name="@AfterMethod TearDown" time="-1.580018668051E9" classname="utility.BaseClass">
    <skipped/>
  </testcase> <!-- @AfterMethod TearDown -->
  <testcase name="@AfterMethod TearDown" time="-1.580018668052E9" classname="utility.BaseClass">
    <skipped/>
  </testcase> <!-- @AfterMethod TearDown -->
  <testcase name="@AfterMethod TearDown" time="-1.580018668053E9" classname="utility.BaseClass">
    <skipped/>
  </testcase> <!-- @AfterMethod TearDown -->
  <testcase name="@AfterMethod TearDown" time="-1.580018668054E9" classname="utility.BaseClass">
    <skipped/>
  </testcase> <!-- @AfterMethod TearDown -->
  <testcase name="@AfterMethod TearDown" time="-1.580018668055E9" classname="utility.BaseClass">
    <skipped/>
  </testcase> <!-- @AfterMethod TearDown -->
  <testcase name="@AfterMethod TearDown" time="-1.580018668056E9" classname="utility.BaseClass">
    <skipped/>
  </testcase> <!-- @AfterMethod TearDown -->
  <testcase name="@AfterMethod TearDown" time="-1.580018668057E9" classname="utility.BaseClass">
    <skipped/>
  </testcase> <!-- @AfterMethod TearDown -->
  <testcase name="@AfterMethod TearDown" time="-1.580018668058E9" classname="utility.BaseClass">
    <skipped/>
  </testcase> <!-- @AfterMethod TearDown -->
  <testcase name="@AfterMethod TearDown" time="-1.580018668059E9" classname="utility.BaseClass">
    <skipped/>
  </testcase> <!-- @AfterMethod TearDown -->
  <testcase name="@AfterMethod TearDown" time="-1.58001866806E9" classname="utility.BaseClass">
    <skipped/>
  </testcase> <!-- @AfterMethod TearDown -->
  <testcase name="@AfterMethod TearDown" time="-1.580018668062E9" classname="utility.BaseClass">
    <skipped/>
  </testcase> <!-- @AfterMethod TearDown -->
  <testcase name="@AfterMethod TearDown" time="-1.580018668063E9" classname="utility.BaseClass">
    <skipped/>
  </testcase> <!-- @AfterMethod TearDown -->
  <testcase name="@AfterMethod TearDown" time="-1.580018668064E9" classname="utility.BaseClass">
    <skipped/>
  </testcase> <!-- @AfterMethod TearDown -->
  <testcase name="@AfterMethod TearDown" time="-1.580018668068E9" classname="utility.BaseClass">
    <skipped/>
  </testcase> <!-- @AfterMethod TearDown -->
  <testcase name="@AfterMethod TearDown" time="-1.580018668069E9" classname="utility.BaseClass">
    <skipped/>
  </testcase> <!-- @AfterMethod TearDown -->
  <testcase name="@AfterMethod TearDown" time="-1.58001866807E9" classname="utility.BaseClass">
    <skipped/>
  </testcase> <!-- @AfterMethod TearDown -->
  <testcase name="@AfterMethod TearDown" time="-1.580018668071E9" classname="utility.BaseClass">
    <skipped/>
  </testcase> <!-- @AfterMethod TearDown -->
  <testcase name="@AfterMethod TearDown" time="-1.580018668072E9" classname="utility.BaseClass">
    <skipped/>
  </testcase> <!-- @AfterMethod TearDown -->
  <testcase name="@AfterMethod TearDown" time="-1.580018668073E9" classname="utility.BaseClass">
    <skipped/>
  </testcase> <!-- @AfterMethod TearDown -->
  <testcase name="@AfterMethod TearDown" time="-1.580018668074E9" classname="utility.BaseClass">
    <skipped/>
  </testcase> <!-- @AfterMethod TearDown -->
  <testcase name="@AfterMethod TearDown" time="-1.580018668076E9" classname="utility.BaseClass">
    <skipped/>
  </testcase> <!-- @AfterMethod TearDown -->
  <testcase name="@AfterMethod TearDown" time="-1.580018668078E9" classname="utility.BaseClass">
    <skipped/>
  </testcase> <!-- @AfterMethod TearDown -->
  <testcase name="@AfterMethod TearDown" time="-1.580018668079E9" classname="utility.BaseClass">
    <skipped/>
  </testcase> <!-- @AfterMethod TearDown -->
  <testcase name="@AfterMethod TearDown" time="-1.58001866808E9" classname="utility.BaseClass">
    <skipped/>
  </testcase> <!-- @AfterMethod TearDown -->
  <testcase name="@AfterMethod TearDown" time="-1.580018668081E9" classname="utility.BaseClass">
    <skipped/>
  </testcase> <!-- @AfterMethod TearDown -->
  <testcase name="@AfterMethod TearDown" time="-1.580018668083E9" classname="utility.BaseClass">
    <skipped/>
  </testcase> <!-- @AfterMethod TearDown -->
  <testcase name="@AfterMethod TearDown" time="-1.580018668084E9" classname="utility.BaseClass">
    <skipped/>
  </testcase> <!-- @AfterMethod TearDown -->
  <testcase name="@AfterMethod TearDown" time="-1.580018668085E9" classname="utility.BaseClass">
    <skipped/>
  </testcase> <!-- @AfterMethod TearDown -->
  <testcase name="@AfterMethod TearDown" time="-1.58001866809E9" classname="utility.BaseClass">
    <skipped/>
  </testcase> <!-- @AfterMethod TearDown -->
  <testcase name="@AfterMethod TearDown" time="-1.580018668099E9" classname="utility.BaseClass">
    <skipped/>
  </testcase> <!-- @AfterMethod TearDown -->
  <testcase name="@AfterMethod TearDown" time="-1.5800186681E9" classname="utility.BaseClass">
    <skipped/>
  </testcase> <!-- @AfterMethod TearDown -->
  <testcase name="@AfterMethod TearDown" time="-1.580018668102E9" classname="utility.BaseClass">
    <skipped/>
  </testcase> <!-- @AfterMethod TearDown -->
  <testcase name="@AfterMethod TearDown" time="-1.580018668107E9" classname="utility.BaseClass">
    <skipped/>
  </testcase> <!-- @AfterMethod TearDown -->
  <testcase name="@AfterMethod TearDown" time="-1.580018668108E9" classname="utility.BaseClass">
    <skipped/>
  </testcase> <!-- @AfterMethod TearDown -->
  <testcase name="@AfterMethod TearDown" time="-1.58001866811E9" classname="utility.BaseClass">
    <skipped/>
  </testcase> <!-- @AfterMethod TearDown -->
  <testcase name="@AfterMethod TearDown" time="-1.580018668111E9" classname="utility.BaseClass">
    <skipped/>
  </testcase> <!-- @AfterMethod TearDown -->
  <testcase name="@AfterMethod TearDown" time="-1.580018668112E9" classname="utility.BaseClass">
    <skipped/>
  </testcase> <!-- @AfterMethod TearDown -->
  <testcase name="@AfterMethod TearDown" time="-1.580018668113E9" classname="utility.BaseClass">
    <skipped/>
  </testcase> <!-- @AfterMethod TearDown -->
  <testcase name="@AfterMethod TearDown" time="-1.580018668115E9" classname="utility.BaseClass">
    <skipped/>
  </testcase> <!-- @AfterMethod TearDown -->
  <testcase name="@AfterMethod TearDown" time="-1.580018668116E9" classname="utility.BaseClass">
    <skipped/>
  </testcase> <!-- @AfterMethod TearDown -->
  <testcase name="@AfterMethod TearDown" time="-1.580018668117E9" classname="utility.BaseClass">
    <skipped/>
  </testcase> <!-- @AfterMethod TearDown -->
  <testcase name="@AfterMethod TearDown" time="-1.580018668119E9" classname="utility.BaseClass">
    <skipped/>
  </testcase> <!-- @AfterMethod TearDown -->
  <testcase name="@AfterMethod TearDown" time="-1.580018668121E9" classname="utility.BaseClass">
    <skipped/>
  </testcase> <!-- @AfterMethod TearDown -->
  <testcase name="@AfterMethod TearDown" time="-1.580018668123E9" classname="utility.BaseClass">
    <skipped/>
  </testcase> <!-- @AfterMethod TearDown -->
  <testcase name="@AfterMethod TearDown" time="-1.580018668128E9" classname="utility.BaseClass">
    <skipped/>
  </testcase> <!-- @AfterMethod TearDown -->
  <testcase name="@AfterMethod TearDown" time="-1.58001866813E9" classname="utility.BaseClass">
    <skipped/>
  </testcase> <!-- @AfterMethod TearDown -->
  <testcase name="@AfterMethod TearDown" time="-1.580018668133E9" classname="utility.BaseClass">
    <skipped/>
  </testcase> <!-- @AfterMethod TearDown -->
  <testcase name="@AfterMethod TearDown" time="-1.580018668135E9" classname="utility.BaseClass">
    <skipped/>
  </testcase> <!-- @AfterMethod TearDown -->
  <testcase name="@AfterMethod TearDown" time="-1.580018668136E9" classname="utility.BaseClass">
    <skipped/>
  </testcase> <!-- @AfterMethod TearDown -->
  <testcase name="@AfterMethod TearDown" time="-1.580018668137E9" classname="utility.BaseClass">
    <skipped/>
  </testcase> <!-- @AfterMethod TearDown -->
  <testcase name="@AfterMethod TearDown" time="-1.580018668139E9" classname="utility.BaseClass">
    <skipped/>
  </testcase> <!-- @AfterMethod TearDown -->
  <testcase name="@AfterMethod TearDown" time="-1.58001866814E9" classname="utility.BaseClass">
    <skipped/>
  </testcase> <!-- @AfterMethod TearDown -->
  <testcase name="@AfterMethod TearDown" time="-1.580018668141E9" classname="utility.BaseClass">
    <skipped/>
  </testcase> <!-- @AfterMethod TearDown -->
  <testcase name="@AfterMethod TearDown" time="-1.580018668143E9" classname="utility.BaseClass">
    <skipped/>
  </testcase> <!-- @AfterMethod TearDown -->
  <testcase name="@AfterMethod TearDown" time="-1.580018668144E9" classname="utility.BaseClass">
    <skipped/>
  </testcase> <!-- @AfterMethod TearDown -->
  <testcase name="@AfterMethod TearDown" time="-1.580018668152E9" classname="utility.BaseClass">
    <skipped/>
  </testcase> <!-- @AfterMethod TearDown -->
  <testcase name="@AfterMethod TearDown" time="-1.580018668154E9" classname="utility.BaseClass">
    <skipped/>
  </testcase> <!-- @AfterMethod TearDown -->
  <testcase name="@AfterMethod TearDown" time="-1.580018668156E9" classname="utility.BaseClass">
    <skipped/>
  </testcase> <!-- @AfterMethod TearDown -->
  <testcase name="@AfterMethod TearDown" time="-1.580018668158E9" classname="utility.BaseClass">
    <skipped/>
  </testcase> <!-- @AfterMethod TearDown -->
  <testcase name="@AfterMethod TearDown" time="-1.580018668159E9" classname="utility.BaseClass">
    <skipped/>
  </testcase> <!-- @AfterMethod TearDown -->
  <testcase name="@AfterMethod TearDown" time="-1.580018668161E9" classname="utility.BaseClass">
    <skipped/>
  </testcase> <!-- @AfterMethod TearDown -->
  <testcase name="@AfterMethod TearDown" time="-1.580018668162E9" classname="utility.BaseClass">
    <skipped/>
  </testcase> <!-- @AfterMethod TearDown -->
  <testcase name="@AfterMethod TearDown" time="-1.580018668163E9" classname="utility.BaseClass">
    <skipped/>
  </testcase> <!-- @AfterMethod TearDown -->
  <testcase name="@AfterMethod TearDown" time="-1.580018668165E9" classname="utility.BaseClass">
    <skipped/>
  </testcase> <!-- @AfterMethod TearDown -->
  <testcase name="@AfterMethod TearDown" time="-1.580018668167E9" classname="utility.BaseClass">
    <skipped/>
  </testcase> <!-- @AfterMethod TearDown -->
  <testcase name="@AfterMethod TearDown" time="-1.580018668168E9" classname="utility.BaseClass">
    <skipped/>
  </testcase> <!-- @AfterMethod TearDown -->
  <testcase name="@AfterMethod TearDown" time="-1.58001866817E9" classname="utility.BaseClass">
    <skipped/>
  </testcase> <!-- @AfterMethod TearDown -->
  <testcase name="@AfterMethod TearDown" time="-1.580018668171E9" classname="utility.BaseClass">
    <skipped/>
  </testcase> <!-- @AfterMethod TearDown -->
  <testcase name="@AfterMethod TearDown" time="-1.580018668173E9" classname="utility.BaseClass">
    <skipped/>
  </testcase> <!-- @AfterMethod TearDown -->
  <testcase name="@AfterMethod TearDown" time="-1.580018668175E9" classname="utility.BaseClass">
    <skipped/>
  </testcase> <!-- @AfterMethod TearDown -->
  <testcase name="@AfterMethod TearDown" time="-1.580018668176E9" classname="utility.BaseClass">
    <skipped/>
  </testcase> <!-- @AfterMethod TearDown -->
  <testcase name="@AfterMethod TearDown" time="-1.580018668177E9" classname="utility.BaseClass">
    <skipped/>
  </testcase> <!-- @AfterMethod TearDown -->
  <testcase name="@AfterMethod TearDown" time="-1.580018668178E9" classname="utility.BaseClass">
    <skipped/>
  </testcase> <!-- @AfterMethod TearDown -->
  <testcase name="@AfterMethod TearDown" time="-1.580018668179E9" classname="utility.BaseClass">
    <skipped/>
  </testcase> <!-- @AfterMethod TearDown -->
  <testcase name="@AfterMethod TearDown" time="-1.580018668181E9" classname="utility.BaseClass">
    <skipped/>
  </testcase> <!-- @AfterMethod TearDown -->
  <testcase name="@AfterMethod TearDown" time="-1.580018668183E9" classname="utility.BaseClass">
    <skipped/>
  </testcase> <!-- @AfterMethod TearDown -->
  <testcase name="@AfterMethod TearDown" time="-1.580018668184E9" classname="utility.BaseClass">
    <skipped/>
  </testcase> <!-- @AfterMethod TearDown -->
  <testcase name="@AfterMethod TearDown" time="-1.580018668185E9" classname="utility.BaseClass">
    <skipped/>
  </testcase> <!-- @AfterMethod TearDown -->
  <testcase name="@AfterMethod TearDown" time="-1.580018668187E9" classname="utility.BaseClass">
    <skipped/>
  </testcase> <!-- @AfterMethod TearDown -->
  <testcase name="@AfterMethod TearDown" time="-1.58001866819E9" classname="utility.BaseClass">
    <skipped/>
  </testcase> <!-- @AfterMethod TearDown -->
  <testcase name="@AfterMethod TearDown" time="-1.580018668192E9" classname="utility.BaseClass">
    <skipped/>
  </testcase> <!-- @AfterMethod TearDown -->
  <testcase name="@AfterMethod TearDown" time="-1.580018668193E9" classname="utility.BaseClass">
    <skipped/>
  </testcase> <!-- @AfterMethod TearDown -->
  <testcase name="@AfterMethod TearDown" time="-1.580018668195E9" classname="utility.BaseClass">
    <skipped/>
  </testcase> <!-- @AfterMethod TearDown -->
  <testcase name="@AfterMethod TearDown" time="-1.580018668197E9" classname="utility.BaseClass">
    <skipped/>
  </testcase> <!-- @AfterMethod TearDown -->
  <testcase name="@AfterMethod TearDown" time="-1.580018668199E9" classname="utility.BaseClass">
    <skipped/>
  </testcase> <!-- @AfterMethod TearDown -->
  <testcase name="@AfterMethod TearDown" time="-1.5800186682E9" classname="utility.BaseClass">
    <skipped/>
  </testcase> <!-- @AfterMethod TearDown -->
  <testcase name="@AfterMethod TearDown" time="-1.580018668202E9" classname="utility.BaseClass">
    <skipped/>
  </testcase> <!-- @AfterMethod TearDown -->
  <testcase name="@AfterMethod TearDown" time="-1.580018668208E9" classname="utility.BaseClass">
    <skipped/>
  </testcase> <!-- @AfterMethod TearDown -->
  <testcase name="@AfterMethod TearDown" time="-1.580018668209E9" classname="utility.BaseClass">
    <skipped/>
  </testcase> <!-- @AfterMethod TearDown -->
  <testcase name="@AfterMethod TearDown" time="-1.580018668212E9" classname="utility.BaseClass">
    <skipped/>
  </testcase> <!-- @AfterMethod TearDown -->
  <testcase name="@AfterMethod TearDown" time="-1.580018668213E9" classname="utility.BaseClass">
    <skipped/>
  </testcase> <!-- @AfterMethod TearDown -->
  <testcase name="@AfterMethod TearDown" time="-1.580018668217E9" classname="utility.BaseClass">
    <skipped/>
  </testcase> <!-- @AfterMethod TearDown -->
  <testcase name="@AfterMethod TearDown" time="-1.580018668218E9" classname="utility.BaseClass">
    <skipped/>
  </testcase> <!-- @AfterMethod TearDown -->
  <testcase name="@AfterMethod TearDown" time="-1.58001866822E9" classname="utility.BaseClass">
    <skipped/>
  </testcase> <!-- @AfterMethod TearDown -->
  <testcase name="@AfterMethod TearDown" time="-1.580018668222E9" classname="utility.BaseClass">
    <skipped/>
  </testcase> <!-- @AfterMethod TearDown -->
  <testcase name="@AfterMethod TearDown" time="-1.580018668224E9" classname="utility.BaseClass">
    <skipped/>
  </testcase> <!-- @AfterMethod TearDown -->
  <testcase name="@AfterMethod TearDown" time="-1.580018668226E9" classname="utility.BaseClass">
    <skipped/>
  </testcase> <!-- @AfterMethod TearDown -->
  <testcase name="@AfterMethod TearDown" time="-1.58001866823E9" classname="utility.BaseClass">
    <skipped/>
  </testcase> <!-- @AfterMethod TearDown -->
  <testcase name="@AfterMethod TearDown" time="-1.580018668235E9" classname="utility.BaseClass">
    <skipped/>
  </testcase> <!-- @AfterMethod TearDown -->
  <testcase name="@AfterMethod TearDown" time="-1.580018668237E9" classname="utility.BaseClass">
    <skipped/>
  </testcase> <!-- @AfterMethod TearDown -->
  <testcase name="@AfterMethod TearDown" time="-1.58001866824E9" classname="utility.BaseClass">
    <skipped/>
  </testcase> <!-- @AfterMethod TearDown -->
  <testcase name="@AfterMethod TearDown" time="-1.580018668242E9" classname="utility.BaseClass">
    <skipped/>
  </testcase> <!-- @AfterMethod TearDown -->
  <testcase name="@AfterMethod TearDown" time="-1.580018668246E9" classname="utility.BaseClass">
    <skipped/>
  </testcase> <!-- @AfterMethod TearDown -->
  <testcase name="@AfterMethod TearDown" time="-1.580018668247E9" classname="utility.BaseClass">
    <skipped/>
  </testcase> <!-- @AfterMethod TearDown -->
  <testcase name="@AfterMethod TearDown" time="-1.580018668263E9" classname="utility.BaseClass">
    <skipped/>
  </testcase> <!-- @AfterMethod TearDown -->
  <testcase name="@AfterMethod TearDown" time="-1.580018668274E9" classname="utility.BaseClass">
    <skipped/>
  </testcase> <!-- @AfterMethod TearDown -->
  <testcase name="@AfterMethod TearDown" time="-1.580018668275E9" classname="utility.BaseClass">
    <skipped/>
  </testcase> <!-- @AfterMethod TearDown -->
  <testcase name="@AfterMethod TearDown" time="-1.580018668277E9" classname="utility.BaseClass">
    <skipped/>
  </testcase> <!-- @AfterMethod TearDown -->
  <testcase name="@AfterMethod TearDown" time="-1.580018668278E9" classname="utility.BaseClass">
    <skipped/>
  </testcase> <!-- @AfterMethod TearDown -->
  <testcase name="@AfterMethod TearDown" time="-1.58001866828E9" classname="utility.BaseClass">
    <skipped/>
  </testcase> <!-- @AfterMethod TearDown -->
  <testcase name="@AfterMethod TearDown" time="-1.580018668282E9" classname="utility.BaseClass">
    <skipped/>
  </testcase> <!-- @AfterMethod TearDown -->
  <testcase name="@AfterMethod TearDown" time="-1.580018668284E9" classname="utility.BaseClass">
    <skipped/>
  </testcase> <!-- @AfterMethod TearDown -->
  <testcase name="@AfterMethod TearDown" time="-1.580018668288E9" classname="utility.BaseClass">
    <skipped/>
  </testcase> <!-- @AfterMethod TearDown -->
  <testcase name="@AfterMethod TearDown" time="-1.58001866829E9" classname="utility.BaseClass">
    <skipped/>
  </testcase> <!-- @AfterMethod TearDown -->
  <testcase name="@AfterMethod TearDown" time="-1.580018668291E9" classname="utility.BaseClass">
    <skipped/>
  </testcase> <!-- @AfterMethod TearDown -->
  <testcase name="@AfterMethod TearDown" time="-1.580018668316E9" classname="utility.BaseClass">
    <skipped/>
  </testcase> <!-- @AfterMethod TearDown -->
  <testcase name="@AfterMethod TearDown" time="-1.580018668317E9" classname="utility.BaseClass">
    <skipped/>
  </testcase> <!-- @AfterMethod TearDown -->
  <testcase name="@AfterMethod TearDown" time="-1.580018668319E9" classname="utility.BaseClass">
    <skipped/>
  </testcase> <!-- @AfterMethod TearDown -->
  <testcase name="@AfterMethod TearDown" time="-1.58001866832E9" classname="utility.BaseClass">
    <skipped/>
  </testcase> <!-- @AfterMethod TearDown -->
  <testcase name="@AfterMethod TearDown" time="-1.580018668321E9" classname="utility.BaseClass">
    <skipped/>
  </testcase> <!-- @AfterMethod TearDown -->
  <testcase name="@AfterMethod TearDown" time="-1.580018668336E9" classname="utility.BaseClass">
    <skipped/>
  </testcase> <!-- @AfterMethod TearDown -->
  <testcase name="@AfterMethod TearDown" time="-1.580018668339E9" classname="utility.BaseClass">
    <skipped/>
  </testcase> <!-- @AfterMethod TearDown -->
  <testcase name="@AfterMethod TearDown" time="-1.580018668342E9" classname="utility.BaseClass">
    <skipped/>
  </testcase> <!-- @AfterMethod TearDown -->
  <testcase name="@AfterMethod TearDown" time="-1.58001866835E9" classname="utility.BaseClass">
    <skipped/>
  </testcase> <!-- @AfterMethod TearDown -->
  <testcase name="@AfterMethod TearDown" time="-1.580018668354E9" classname="utility.BaseClass">
    <skipped/>
  </testcase> <!-- @AfterMethod TearDown -->
  <testcase name="@AfterMethod TearDown" time="-1.580018668356E9" classname="utility.BaseClass">
    <skipped/>
  </testcase> <!-- @AfterMethod TearDown -->
  <testcase name="@AfterMethod TearDown" time="-1.580018668358E9" classname="utility.BaseClass">
    <skipped/>
  </testcase> <!-- @AfterMethod TearDown -->
  <testcase name="@AfterMethod TearDown" time="-1.580018668359E9" classname="utility.BaseClass">
    <skipped/>
  </testcase> <!-- @AfterMethod TearDown -->
  <testcase name="@AfterMethod TearDown" time="-1.58001866836E9" classname="utility.BaseClass">
    <skipped/>
  </testcase> <!-- @AfterMethod TearDown -->
  <testcase name="@AfterMethod TearDown" time="-1.580018668363E9" classname="utility.BaseClass">
    <skipped/>
  </testcase> <!-- @AfterMethod TearDown -->
  <testcase name="@AfterMethod TearDown" time="-1.580018668366E9" classname="utility.BaseClass">
    <skipped/>
  </testcase> <!-- @AfterMethod TearDown -->
  <testcase name="@AfterMethod TearDown" time="-1.580018668371E9" classname="utility.BaseClass">
    <skipped/>
  </testcase> <!-- @AfterMethod TearDown -->
  <testcase name="@AfterMethod TearDown" time="-1.580018668392E9" classname="utility.BaseClass">
    <skipped/>
  </testcase> <!-- @AfterMethod TearDown -->
  <testcase name="@AfterMethod TearDown" time="-1.580018668394E9" classname="utility.BaseClass">
    <skipped/>
  </testcase> <!-- @AfterMethod TearDown -->
  <testcase name="@AfterMethod TearDown" time="-1.580018668396E9" classname="utility.BaseClass">
    <skipped/>
  </testcase> <!-- @AfterMethod TearDown -->
  <testcase name="@AfterMethod TearDown" time="-1.580018668398E9" classname="utility.BaseClass">
    <skipped/>
  </testcase> <!-- @AfterMethod TearDown -->
  <testcase name="@AfterMethod TearDown" time="-1.5800186684E9" classname="utility.BaseClass">
    <skipped/>
  </testcase> <!-- @AfterMethod TearDown -->
  <testcase name="@AfterMethod TearDown" time="-1.580018668403E9" classname="utility.BaseClass">
    <skipped/>
  </testcase> <!-- @AfterMethod TearDown -->
  <testcase name="@AfterMethod TearDown" time="-1.580018668404E9" classname="utility.BaseClass">
    <skipped/>
  </testcase> <!-- @AfterMethod TearDown -->
  <testcase name="@AfterMethod TearDown" time="-1.580018668406E9" classname="utility.BaseClass">
    <skipped/>
  </testcase> <!-- @AfterMethod TearDown -->
  <testcase name="@AfterMethod TearDown" time="-1.580018668407E9" classname="utility.BaseClass">
    <skipped/>
  </testcase> <!-- @AfterMethod TearDown -->
  <testcase name="@AfterMethod TearDown" time="-1.580018668409E9" classname="utility.BaseClass">
    <skipped/>
  </testcase> <!-- @AfterMethod TearDown -->
  <testcase name="@AfterMethod TearDown" time="-1.580018668411E9" classname="utility.BaseClass">
    <skipped/>
  </testcase> <!-- @AfterMethod TearDown -->
  <testcase name="@AfterMethod TearDown" time="-1.580018668413E9" classname="utility.BaseClass">
    <skipped/>
  </testcase> <!-- @AfterMethod TearDown -->
  <testcase name="@AfterMethod TearDown" time="-1.580018668416E9" classname="utility.BaseClass">
    <skipped/>
  </testcase> <!-- @AfterMethod TearDown -->
  <testcase name="@AfterMethod TearDown" time="-1.580018668418E9" classname="utility.BaseClass">
    <skipped/>
  </testcase> <!-- @AfterMethod TearDown -->
  <testcase name="@AfterMethod TearDown" time="-1.58001866842E9" classname="utility.BaseClass">
    <skipped/>
  </testcase> <!-- @AfterMethod TearDown -->
  <testcase name="@AfterMethod TearDown" time="-1.580018668423E9" classname="utility.BaseClass">
    <skipped/>
  </testcase> <!-- @AfterMethod TearDown -->
  <testcase name="@AfterMethod TearDown" time="-1.580018668426E9" classname="utility.BaseClass">
    <skipped/>
  </testcase> <!-- @AfterMethod TearDown -->
  <testcase name="@AfterMethod TearDown" time="-1.580018668428E9" classname="utility.BaseClass">
    <skipped/>
  </testcase> <!-- @AfterMethod TearDown -->
  <testcase name="@AfterMethod TearDown" time="-1.58001866843E9" classname="utility.BaseClass">
    <skipped/>
  </testcase> <!-- @AfterMethod TearDown -->
  <testcase name="@AfterMethod TearDown" time="-1.580018668434E9" classname="utility.BaseClass">
    <skipped/>
  </testcase> <!-- @AfterMethod TearDown -->
  <testcase name="@AfterMethod TearDown" time="-1.580018668435E9" classname="utility.BaseClass">
    <skipped/>
  </testcase> <!-- @AfterMethod TearDown -->
  <testcase name="@AfterMethod TearDown" time="-1.580018668437E9" classname="utility.BaseClass">
    <skipped/>
  </testcase> <!-- @AfterMethod TearDown -->
  <testcase name="@AfterMethod TearDown" time="-1.580018668438E9" classname="utility.BaseClass">
    <skipped/>
  </testcase> <!-- @AfterMethod TearDown -->
  <testcase name="@AfterMethod TearDown" time="-1.58001866844E9" classname="utility.BaseClass">
    <skipped/>
  </testcase> <!-- @AfterMethod TearDown -->
  <testcase name="@AfterMethod TearDown" time="-1.580018668442E9" classname="utility.BaseClass">
    <skipped/>
  </testcase> <!-- @AfterMethod TearDown -->
  <testcase name="@AfterMethod TearDown" time="-1.580018668444E9" classname="utility.BaseClass">
    <skipped/>
  </testcase> <!-- @AfterMethod TearDown -->
  <testcase name="@AfterMethod TearDown" time="-1.580018668444E9" classname="utility.BaseClass">
    <skipped/>
  </testcase> <!-- @AfterMethod TearDown -->
  <testcase name="@AfterMethod TearDown" time="-1.580018668446E9" classname="utility.BaseClass">
    <skipped/>
  </testcase> <!-- @AfterMethod TearDown -->
  <testcase name="@AfterMethod TearDown" time="-1.580018668447E9" classname="utility.BaseClass">
    <skipped/>
  </testcase> <!-- @AfterMethod TearDown -->
  <testcase name="@AfterMethod TearDown" time="-1.580018668448E9" classname="utility.BaseClass">
    <skipped/>
  </testcase> <!-- @AfterMethod TearDown -->
  <testcase name="@AfterMethod TearDown" time="-1.580018668451E9" classname="utility.BaseClass">
    <skipped/>
  </testcase> <!-- @AfterMethod TearDown -->
  <testcase name="@AfterMethod TearDown" time="-1.580018668468E9" classname="utility.BaseClass">
    <skipped/>
  </testcase> <!-- @AfterMethod TearDown -->
  <testcase name="@AfterMethod TearDown" time="-1.580018668469E9" classname="utility.BaseClass">
    <skipped/>
  </testcase> <!-- @AfterMethod TearDown -->
  <testcase name="@AfterMethod TearDown" time="-1.580018668471E9" classname="utility.BaseClass">
    <skipped/>
  </testcase> <!-- @AfterMethod TearDown -->
  <testcase name="@AfterMethod TearDown" time="-1.580018668472E9" classname="utility.BaseClass">
    <skipped/>
  </testcase> <!-- @AfterMethod TearDown -->
  <testcase name="@AfterMethod TearDown" time="-1.580018668474E9" classname="utility.BaseClass">
    <skipped/>
  </testcase> <!-- @AfterMethod TearDown -->
  <testcase name="@AfterMethod TearDown" time="-1.580018668475E9" classname="utility.BaseClass">
    <skipped/>
  </testcase> <!-- @AfterMethod TearDown -->
  <testcase name="@AfterMethod TearDown" time="-1.580018668477E9" classname="utility.BaseClass">
    <skipped/>
  </testcase> <!-- @AfterMethod TearDown -->
  <testcase name="@AfterMethod TearDown" time="-1.580018668486E9" classname="utility.BaseClass">
    <skipped/>
  </testcase> <!-- @AfterMethod TearDown -->
  <testcase name="@AfterMethod TearDown" time="-1.580018668489E9" classname="utility.BaseClass">
    <skipped/>
  </testcase> <!-- @AfterMethod TearDown -->
  <testcase name="@AfterMethod TearDown" time="-1.58001866849E9" classname="utility.BaseClass">
    <skipped/>
  </testcase> <!-- @AfterMethod TearDown -->
  <testcase name="@AfterMethod TearDown" time="-1.580018668491E9" classname="utility.BaseClass">
    <skipped/>
  </testcase> <!-- @AfterMethod TearDown -->
  <testcase name="@AfterMethod TearDown" time="-1.580018668493E9" classname="utility.BaseClass">
    <skipped/>
  </testcase> <!-- @AfterMethod TearDown -->
  <testcase name="@AfterMethod TearDown" time="-1.580018668495E9" classname="utility.BaseClass">
    <skipped/>
  </testcase> <!-- @AfterMethod TearDown -->
  <testcase name="@AfterMethod TearDown" time="-1.580018668496E9" classname="utility.BaseClass">
    <skipped/>
  </testcase> <!-- @AfterMethod TearDown -->
  <testcase name="@AfterMethod TearDown" time="-1.580018668497E9" classname="utility.BaseClass">
    <skipped/>
  </testcase> <!-- @AfterMethod TearDown -->
  <testcase name="@AfterMethod TearDown" time="-1.5800186685E9" classname="utility.BaseClass">
    <skipped/>
  </testcase> <!-- @AfterMethod TearDown -->
  <testcase name="@AfterMethod TearDown" time="-1.580018668502E9" classname="utility.BaseClass">
    <skipped/>
  </testcase> <!-- @AfterMethod TearDown -->
  <testcase name="@AfterMethod TearDown" time="-1.580018668503E9" classname="utility.BaseClass">
    <skipped/>
  </testcase> <!-- @AfterMethod TearDown -->
  <testcase name="@AfterMethod TearDown" time="-1.580018668506E9" classname="utility.BaseClass">
    <skipped/>
  </testcase> <!-- @AfterMethod TearDown -->
  <testcase name="@AfterMethod TearDown" time="-1.580018668508E9" classname="utility.BaseClass">
    <skipped/>
  </testcase> <!-- @AfterMethod TearDown -->
  <testcase name="@AfterMethod TearDown" time="-1.580018668509E9" classname="utility.BaseClass">
    <skipped/>
  </testcase> <!-- @AfterMethod TearDown -->
  <testcase name="@AfterMethod TearDown" time="-1.580018668511E9" classname="utility.BaseClass">
    <skipped/>
  </testcase> <!-- @AfterMethod TearDown -->
  <testcase name="@AfterMethod TearDown" time="-1.580018668512E9" classname="utility.BaseClass">
    <skipped/>
  </testcase> <!-- @AfterMethod TearDown -->
  <testcase name="@AfterMethod TearDown" time="-1.580018668513E9" classname="utility.BaseClass">
    <skipped/>
  </testcase> <!-- @AfterMethod TearDown -->
  <testcase name="@AfterMethod TearDown" time="-1.580018668515E9" classname="utility.BaseClass">
    <skipped/>
  </testcase> <!-- @AfterMethod TearDown -->
  <testcase name="@AfterMethod TearDown" time="-1.580018668517E9" classname="utility.BaseClass">
    <skipped/>
  </testcase> <!-- @AfterMethod TearDown -->
  <testcase name="@AfterMethod TearDown" time="-1.580018668518E9" classname="utility.BaseClass">
    <skipped/>
  </testcase> <!-- @AfterMethod TearDown -->
  <testcase name="@AfterMethod TearDown" time="-1.58001866852E9" classname="utility.BaseClass">
    <skipped/>
  </testcase> <!-- @AfterMethod TearDown -->
  <testcase name="@AfterMethod TearDown" time="-1.580018668522E9" classname="utility.BaseClass">
    <skipped/>
  </testcase> <!-- @AfterMethod TearDown -->
  <testcase name="@AfterMethod TearDown" time="-1.580018668523E9" classname="utility.BaseClass">
    <skipped/>
  </testcase> <!-- @AfterMethod TearDown -->
  <testcase name="@AfterMethod TearDown" time="-1.580018668525E9" classname="utility.BaseClass">
    <skipped/>
  </testcase> <!-- @AfterMethod TearDown -->
  <testcase name="@AfterMethod TearDown" time="-1.580018668525E9" classname="utility.BaseClass">
    <skipped/>
  </testcase> <!-- @AfterMethod TearDown -->
  <testcase name="@AfterMethod TearDown" time="-1.580018668526E9" classname="utility.BaseClass">
    <skipped/>
  </testcase> <!-- @AfterMethod TearDown -->
  <testcase name="@AfterMethod TearDown" time="-1.580018668528E9" classname="utility.BaseClass">
    <skipped/>
  </testcase> <!-- @AfterMethod TearDown -->
  <testcase name="@AfterMethod TearDown" time="-1.58001866853E9" classname="utility.BaseClass">
    <skipped/>
  </testcase> <!-- @AfterMethod TearDown -->
  <testcase name="@AfterMethod TearDown" time="-1.580018668532E9" classname="utility.BaseClass">
    <skipped/>
  </testcase> <!-- @AfterMethod TearDown -->
  <testcase name="@AfterMethod TearDown" time="-1.580018668534E9" classname="utility.BaseClass">
    <skipped/>
  </testcase> <!-- @AfterMethod TearDown -->
  <testcase name="@AfterMethod TearDown" time="-1.580018668535E9" classname="utility.BaseClass">
    <skipped/>
  </testcase> <!-- @AfterMethod TearDown -->
  <testcase name="@AfterMethod TearDown" time="-1.580018668537E9" classname="utility.BaseClass">
    <skipped/>
  </testcase> <!-- @AfterMethod TearDown -->
  <testcase name="@AfterMethod TearDown" time="-1.580018668538E9" classname="utility.BaseClass">
    <skipped/>
  </testcase> <!-- @AfterMethod TearDown -->
  <testcase name="@AfterMethod TearDown" time="-1.58001866854E9" classname="utility.BaseClass">
    <skipped/>
  </testcase> <!-- @AfterMethod TearDown -->
  <testcase name="@AfterMethod TearDown" time="-1.580018668542E9" classname="utility.BaseClass">
    <skipped/>
  </testcase> <!-- @AfterMethod TearDown -->
  <testcase name="@AfterMethod TearDown" time="-1.580018668543E9" classname="utility.BaseClass">
    <skipped/>
  </testcase> <!-- @AfterMethod TearDown -->
  <testcase name="@AfterMethod TearDown" time="-1.580018668544E9" classname="utility.BaseClass">
    <skipped/>
  </testcase> <!-- @AfterMethod TearDown -->
  <testcase name="@AfterMethod TearDown" time="-1.580018668546E9" classname="utility.BaseClass">
    <skipped/>
  </testcase> <!-- @AfterMethod TearDown -->
  <testcase name="@AfterMethod TearDown" time="-1.580018668548E9" classname="utility.BaseClass">
    <skipped/>
  </testcase> <!-- @AfterMethod TearDown -->
  <testcase name="@AfterMethod TearDown" time="-1.580018668549E9" classname="utility.BaseClass">
    <skipped/>
  </testcase> <!-- @AfterMethod TearDown -->
  <testcase name="@AfterMethod TearDown" time="-1.580018668551E9" classname="utility.BaseClass">
    <skipped/>
  </testcase> <!-- @AfterMethod TearDown -->
  <testcase name="@AfterMethod TearDown" time="-1.580018668552E9" classname="utility.BaseClass">
    <skipped/>
  </testcase> <!-- @AfterMethod TearDown -->
  <testcase name="@AfterMethod TearDown" time="-1.580018668554E9" classname="utility.BaseClass">
    <skipped/>
  </testcase> <!-- @AfterMethod TearDown -->
  <testcase name="@AfterMethod TearDown" time="-1.580018668556E9" classname="utility.BaseClass">
    <skipped/>
  </testcase> <!-- @AfterMethod TearDown -->
  <testcase name="@AfterMethod TearDown" time="-1.580018668558E9" classname="utility.BaseClass">
    <skipped/>
  </testcase> <!-- @AfterMethod TearDown -->
  <testcase name="@AfterMethod TearDown" time="-1.580018668561E9" classname="utility.BaseClass">
    <skipped/>
  </testcase> <!-- @AfterMethod TearDown -->
  <testcase name="@AfterMethod TearDown" time="-1.580018668562E9" classname="utility.BaseClass">
    <skipped/>
  </testcase> <!-- @AfterMethod TearDown -->
  <testcase name="@AfterMethod TearDown" time="-1.580018668564E9" classname="utility.BaseClass">
    <skipped/>
  </testcase> <!-- @AfterMethod TearDown -->
  <testcase name="@AfterMethod TearDown" time="-1.580018668566E9" classname="utility.BaseClass">
    <skipped/>
  </testcase> <!-- @AfterMethod TearDown -->
  <testcase name="@AfterMethod TearDown" time="-1.580018668568E9" classname="utility.BaseClass">
    <skipped/>
  </testcase> <!-- @AfterMethod TearDown -->
  <testcase name="@AfterMethod TearDown" time="-1.580018668569E9" classname="utility.BaseClass">
    <skipped/>
  </testcase> <!-- @AfterMethod TearDown -->
  <testcase name="@AfterMethod TearDown" time="-1.580018668571E9" classname="utility.BaseClass">
    <skipped/>
  </testcase> <!-- @AfterMethod TearDown -->
  <testcase name="@AfterMethod TearDown" time="-1.580018668573E9" classname="utility.BaseClass">
    <skipped/>
  </testcase> <!-- @AfterMethod TearDown -->
  <testcase name="@AfterMethod TearDown" time="-1.580018668574E9" classname="utility.BaseClass">
    <skipped/>
  </testcase> <!-- @AfterMethod TearDown -->
  <testcase name="@AfterMethod TearDown" time="-1.580018668575E9" classname="utility.BaseClass">
    <skipped/>
  </testcase> <!-- @AfterMethod TearDown -->
  <testcase name="@AfterMethod TearDown" time="-1.580018668577E9" classname="utility.BaseClass">
    <skipped/>
  </testcase> <!-- @AfterMethod TearDown -->
  <testcase name="@AfterMethod TearDown" time="-1.580018668587E9" classname="utility.BaseClass">
    <skipped/>
  </testcase> <!-- @AfterMethod TearDown -->
  <testcase name="@AfterMethod TearDown" time="-1.580018668589E9" classname="utility.BaseClass">
    <skipped/>
  </testcase> <!-- @AfterMethod TearDown -->
  <testcase name="@AfterMethod TearDown" time="-1.580018668591E9" classname="utility.BaseClass">
    <skipped/>
  </testcase> <!-- @AfterMethod TearDown -->
  <testcase name="@AfterMethod TearDown" time="-1.580018668592E9" classname="utility.BaseClass">
    <skipped/>
  </testcase> <!-- @AfterMethod TearDown -->
  <testcase name="@AfterMethod TearDown" time="-1.580018668593E9" classname="utility.BaseClass">
    <skipped/>
  </testcase> <!-- @AfterMethod TearDown -->
  <testcase name="@AfterMethod TearDown" time="-1.580018668594E9" classname="utility.BaseClass">
    <skipped/>
  </testcase> <!-- @AfterMethod TearDown -->
  <testcase name="@AfterMethod TearDown" time="-1.580018668596E9" classname="utility.BaseClass">
    <skipped/>
  </testcase> <!-- @AfterMethod TearDown -->
  <testcase name="@AfterMethod TearDown" time="-1.580018668598E9" classname="utility.BaseClass">
    <skipped/>
  </testcase> <!-- @AfterMethod TearDown -->
  <testcase name="@AfterMethod TearDown" time="-1.580018668599E9" classname="utility.BaseClass">
    <skipped/>
  </testcase> <!-- @AfterMethod TearDown -->
  <testcase name="@AfterMethod TearDown" time="-1.5800186686E9" classname="utility.BaseClass">
    <skipped/>
  </testcase> <!-- @AfterMethod TearDown -->
  <testcase name="@AfterMethod TearDown" time="-1.580018668601E9" classname="utility.BaseClass">
    <skipped/>
  </testcase> <!-- @AfterMethod TearDown -->
  <testcase name="@AfterMethod TearDown" time="-1.580018668602E9" classname="utility.BaseClass">
    <skipped/>
  </testcase> <!-- @AfterMethod TearDown -->
  <testcase name="@AfterMethod TearDown" time="-1.580018668603E9" classname="utility.BaseClass">
    <skipped/>
  </testcase> <!-- @AfterMethod TearDown -->
  <testcase name="@AfterMethod TearDown" time="-1.580018668604E9" classname="utility.BaseClass">
    <skipped/>
  </testcase> <!-- @AfterMethod TearDown -->
  <testcase name="@AfterMethod TearDown" time="-1.580018668605E9" classname="utility.BaseClass">
    <skipped/>
  </testcase> <!-- @AfterMethod TearDown -->
  <testcase name="@AfterMethod TearDown" time="-1.580018668606E9" classname="utility.BaseClass">
    <skipped/>
  </testcase> <!-- @AfterMethod TearDown -->
  <testcase name="@AfterMethod TearDown" time="-1.580018668607E9" classname="utility.BaseClass">
    <skipped/>
  </testcase> <!-- @AfterMethod TearDown -->
  <testcase name="@AfterMethod TearDown" time="-1.580018668608E9" classname="utility.BaseClass">
    <skipped/>
  </testcase> <!-- @AfterMethod TearDown -->
  <testcase name="@AfterMethod TearDown" time="-1.580018668611E9" classname="utility.BaseClass">
    <skipped/>
  </testcase> <!-- @AfterMethod TearDown -->
  <testcase name="@AfterMethod TearDown" time="-1.580018668612E9" classname="utility.BaseClass">
    <skipped/>
  </testcase> <!-- @AfterMethod TearDown -->
  <testcase name="@AfterMethod TearDown" time="-1.580018668614E9" classname="utility.BaseClass">
    <skipped/>
  </testcase> <!-- @AfterMethod TearDown -->
  <testcase name="@AfterMethod TearDown" time="-1.580018668615E9" classname="utility.BaseClass">
    <skipped/>
  </testcase> <!-- @AfterMethod TearDown -->
  <testcase name="@AfterMethod TearDown" time="-1.580018668616E9" classname="utility.BaseClass">
    <skipped/>
  </testcase> <!-- @AfterMethod TearDown -->
  <testcase name="@AfterMethod TearDown" time="-1.580018668617E9" classname="utility.BaseClass">
    <skipped/>
  </testcase> <!-- @AfterMethod TearDown -->
  <testcase name="@AfterMethod TearDown" time="-1.580018668618E9" classname="utility.BaseClass">
    <skipped/>
  </testcase> <!-- @AfterMethod TearDown -->
  <testcase name="@AfterMethod TearDown" time="-1.580018668619E9" classname="utility.BaseClass">
    <skipped/>
  </testcase> <!-- @AfterMethod TearDown -->
  <testcase name="@AfterMethod TearDown" time="-1.580018668621E9" classname="utility.BaseClass">
    <skipped/>
  </testcase> <!-- @AfterMethod TearDown -->
  <testcase name="@AfterMethod TearDown" time="-1.580018668622E9" classname="utility.BaseClass">
    <skipped/>
  </testcase> <!-- @AfterMethod TearDown -->
  <testcase name="@AfterMethod TearDown" time="-1.580018668623E9" classname="utility.BaseClass">
    <skipped/>
  </testcase> <!-- @AfterMethod TearDown -->
  <testcase name="@AfterMethod TearDown" time="-1.580018668624E9" classname="utility.BaseClass">
    <skipped/>
  </testcase> <!-- @AfterMethod TearDown -->
  <testcase name="@AfterMethod TearDown" time="-1.580018668626E9" classname="utility.BaseClass">
    <skipped/>
  </testcase> <!-- @AfterMethod TearDown -->
  <testcase name="@AfterMethod TearDown" time="-1.580018668627E9" classname="utility.BaseClass">
    <skipped/>
  </testcase> <!-- @AfterMethod TearDown -->
  <testcase name="@AfterMethod TearDown" time="-1.580018668628E9" classname="utility.BaseClass">
    <skipped/>
  </testcase> <!-- @AfterMethod TearDown -->
  <testcase name="@AfterMethod TearDown" time="-1.580018668629E9" classname="utility.BaseClass">
    <skipped/>
  </testcase> <!-- @AfterMethod TearDown -->
  <testcase name="@AfterMethod TearDown" time="-1.58001866863E9" classname="utility.BaseClass">
    <skipped/>
  </testcase> <!-- @AfterMethod TearDown -->
  <testcase name="@AfterMethod TearDown" time="-1.580018668632E9" classname="utility.BaseClass">
    <skipped/>
  </testcase> <!-- @AfterMethod TearDown -->
  <testcase name="@AfterMethod TearDown" time="-1.580018668645E9" classname="utility.BaseClass">
    <skipped/>
  </testcase> <!-- @AfterMethod TearDown -->
  <testcase name="@AfterMethod TearDown" time="-1.580018668647E9" classname="utility.BaseClass">
    <skipped/>
  </testcase> <!-- @AfterMethod TearDown -->
  <testcase name="@AfterMethod TearDown" time="-1.580018668648E9" classname="utility.BaseClass">
    <skipped/>
  </testcase> <!-- @AfterMethod TearDown -->
  <testcase name="@AfterMethod TearDown" time="-1.580018668649E9" classname="utility.BaseClass">
    <skipped/>
  </testcase> <!-- @AfterMethod TearDown -->
  <testcase name="@AfterMethod TearDown" time="-1.58001866865E9" classname="utility.BaseClass">
    <skipped/>
  </testcase> <!-- @AfterMethod TearDown -->
  <testcase name="@AfterMethod TearDown" time="-1.580018668652E9" classname="utility.BaseClass">
    <skipped/>
  </testcase> <!-- @AfterMethod TearDown -->
  <testcase name="@AfterMethod TearDown" time="-1.580018668652E9" classname="utility.BaseClass">
    <skipped/>
  </testcase> <!-- @AfterMethod TearDown -->
  <testcase name="@AfterMethod TearDown" time="-1.580018668654E9" classname="utility.BaseClass">
    <skipped/>
  </testcase> <!-- @AfterMethod TearDown -->
  <testcase name="@AfterMethod TearDown" time="-1.580018668656E9" classname="utility.BaseClass">
    <skipped/>
  </testcase> <!-- @AfterMethod TearDown -->
  <testcase name="@AfterMethod TearDown" time="-1.58001866867E9" classname="utility.BaseClass">
    <skipped/>
  </testcase> <!-- @AfterMethod TearDown -->
  <testcase name="@AfterMethod TearDown" time="-1.580018668676E9" classname="utility.BaseClass">
    <skipped/>
  </testcase> <!-- @AfterMethod TearDown -->
  <testcase name="@AfterMethod TearDown" time="-1.580018668679E9" classname="utility.BaseClass">
    <skipped/>
  </testcase> <!-- @AfterMethod TearDown -->
  <testcase name="@AfterMethod TearDown" time="-1.58001866868E9" classname="utility.BaseClass">
    <skipped/>
  </testcase> <!-- @AfterMethod TearDown -->
  <testcase name="@AfterMethod TearDown" time="-1.580018668682E9" classname="utility.BaseClass">
    <skipped/>
  </testcase> <!-- @AfterMethod TearDown -->
  <testcase name="@AfterMethod TearDown" time="-1.580018668684E9" classname="utility.BaseClass">
    <skipped/>
  </testcase> <!-- @AfterMethod TearDown -->
  <testcase name="@AfterMethod TearDown" time="-1.580018668685E9" classname="utility.BaseClass">
    <skipped/>
  </testcase> <!-- @AfterMethod TearDown -->
  <testcase name="@AfterMethod TearDown" time="-1.580018668686E9" classname="utility.BaseClass">
    <skipped/>
  </testcase> <!-- @AfterMethod TearDown -->
  <testcase name="@AfterMethod TearDown" time="-1.580018668687E9" classname="utility.BaseClass">
    <skipped/>
  </testcase> <!-- @AfterMethod TearDown -->
  <testcase name="@AfterMethod TearDown" time="-1.580018668688E9" classname="utility.BaseClass">
    <skipped/>
  </testcase> <!-- @AfterMethod TearDown -->
  <testcase name="@AfterMethod TearDown" time="-1.58001866869E9" classname="utility.BaseClass">
    <skipped/>
  </testcase> <!-- @AfterMethod TearDown -->
  <testcase name="@AfterMethod TearDown" time="-1.580018668691E9" classname="utility.BaseClass">
    <skipped/>
  </testcase> <!-- @AfterMethod TearDown -->
  <testcase name="@AfterMethod TearDown" time="-1.580018668693E9" classname="utility.BaseClass">
    <skipped/>
  </testcase> <!-- @AfterMethod TearDown -->
  <testcase name="@AfterMethod TearDown" time="-1.580018668694E9" classname="utility.BaseClass">
    <skipped/>
  </testcase> <!-- @AfterMethod TearDown -->
  <testcase name="@AfterMethod TearDown" time="-1.580018668695E9" classname="utility.BaseClass">
    <skipped/>
  </testcase> <!-- @AfterMethod TearDown -->
  <testcase name="@AfterMethod TearDown" time="-1.580018668697E9" classname="utility.BaseClass">
    <skipped/>
  </testcase> <!-- @AfterMethod TearDown -->
  <testcase name="@AfterMethod TearDown" time="-1.580018668698E9" classname="utility.BaseClass">
    <skipped/>
  </testcase> <!-- @AfterMethod TearDown -->
[...]
    <skipped/>
  </testcase> <!-- productionPlanEntry -->
  <testcase name="productionPlanEntry" time="0.0" classname="Production_Management.ProductionPlanEntryTestCase">
    <skipped/>
  </testcase> <!-- productionPlanEntry -->
  <testcase name="productionPlanEntry" time="0.0" classname="Production_Management.ProductionPlanEntryTestCase">
    <skipped/>
  </testcase> <!-- productionPlanEntry -->
  <testcase name="productionPlanEntry" time="0.0" classname="Production_Management.ProductionPlanEntryTestCase">
    <skipped/>
  </testcase> <!-- productionPlanEntry -->
  <testcase name="productionPlanEntry" time="0.0" classname="Production_Management.ProductionPlanEntryTestCase">
    <skipped/>
  </testcase> <!-- productionPlanEntry -->
  <testcase name="productionPlanEntry" time="0.0" classname="Production_Management.ProductionPlanEntryTestCase">
    <skipped/>
  </testcase> <!-- productionPlanEntry -->
  <testcase name="productionPlanEntry" time="0.0" classname="Production_Management.ProductionPlanEntryTestCase">
    <skipped/>
  </testcase> <!-- productionPlanEntry -->
  <testcase name="productionPlanEntry" time="0.0" classname="Production_Management.ProductionPlanEntryTestCase">
    <skipped/>
  </testcase> <!-- productionPlanEntry -->
  <testcase name="productionPlanEntry" time="0.0" classname="Production_Management.ProductionPlanEntryTestCase">
    <skipped/>
  </testcase> <!-- productionPlanEntry -->
  <testcase name="productionPlanEntry" time="0.0" classname="Production_Management.ProductionPlanEntryTestCase">
    <skipped/>
  </testcase> <!-- productionPlanEntry -->
  <testcase name="productionPlanEntry" time="0.0" classname="Production_Management.ProductionPlanEntryTestCase">
    <skipped/>
  </testcase> <!-- productionPlanEntry -->
  <testcase name="productionPlanEntry" time="0.0" classname="Production_Management.ProductionPlanEntryTestCase">
    <skipped/>
  </testcase> <!-- productionPlanEntry -->
  <testcase name="productionPlanEntry" time="0.0" classname="Production_Management.ProductionPlanEntryTestCase">
    <skipped/>
  </testcase> <!-- productionPlanEntry -->
  <testcase name="productionPlanEntry" time="0.0" classname="Production_Management.ProductionPlanEntryTestCase">
    <skipped/>
  </testcase> <!-- productionPlanEntry -->
  <testcase name="productionPlanEntry" time="0.0" classname="Production_Management.ProductionPlanEntryTestCase">
    <skipped/>
  </testcase> <!-- productionPlanEntry -->
  <testcase name="productionPlanEntry" time="0.0" classname="Production_Management.ProductionPlanEntryTestCase">
    <skipped/>
  </testcase> <!-- productionPlanEntry -->
  <testcase name="productionPlanEntry" time="0.0" classname="Production_Management.ProductionPlanEntryTestCase">
    <skipped/>
  </testcase> <!-- productionPlanEntry -->
  <testcase name="productionPlanEntry" time="0.0" classname="Production_Management.ProductionPlanEntryTestCase">
    <skipped/>
  </testcase> <!-- productionPlanEntry -->
  <testcase name="productionPlanEntry" time="0.0" classname="Production_Management.ProductionPlanEntryTestCase">
    <skipped/>
  </testcase> <!-- productionPlanEntry -->
  <testcase name="productionPlanEntry" time="0.0" classname="Production_Management.ProductionPlanEntryTestCase">
    <skipped/>
  </testcase> <!-- productionPlanEntry -->
  <testcase name="productionPlanEntry" time="0.0" classname="Production_Management.ProductionPlanEntryTestCase">
    <skipped/>
  </testcase> <!-- productionPlanEntry -->
  <testcase name="productionPlanEntry" time="0.0" classname="Production_Management.ProductionPlanEntryTestCase">
    <skipped/>
  </testcase> <!-- productionPlanEntry -->
  <testcase name="productionPlanEntry" time="0.0" classname="Production_Management.ProductionPlanEntryTestCase">
    <skipped/>
  </testcase> <!-- productionPlanEntry -->
  <testcase name="productionPlanEntry" time="0.0" classname="Production_Management.ProductionPlanEntryTestCase">
    <skipped/>
  </testcase> <!-- productionPlanEntry -->
  <testcase name="productionPlanEntry" time="0.0" classname="Production_Management.ProductionPlanEntryTestCase">
    <skipped/>
  </testcase> <!-- productionPlanEntry -->
  <testcase name="productionPlanEntry" time="0.0" classname="Production_Management.ProductionPlanEntryTestCase">
    <skipped/>
  </testcase> <!-- productionPlanEntry -->
  <testcase name="productionPlanEntry" time="0.0" classname="Production_Management.ProductionPlanEntryTestCase">
    <skipped/>
  </testcase> <!-- productionPlanEntry -->
  <testcase name="productionPlanEntry" time="0.0" classname="Production_Management.ProductionPlanEntryTestCase">
    <skipped/>
  </testcase> <!-- productionPlanEntry -->
  <testcase name="productionPlanEntry" time="0.0" classname="Production_Management.ProductionPlanEntryTestCase">
    <skipped/>
  </testcase> <!-- productionPlanEntry -->
  <testcase name="productionPlanEntry" time="0.0" classname="Production_Management.ProductionPlanEntryTestCase">
    <skipped/>
  </testcase> <!-- productionPlanEntry -->
  <testcase name="productionPlanEntry" time="0.0" classname="Production_Management.ProductionPlanEntryTestCase">
    <skipped/>
  </testcase> <!-- productionPlanEntry -->
  <testcase name="productionPlanEntry" time="0.0" classname="Production_Management.ProductionPlanEntryTestCase">
    <skipped/>
  </testcase> <!-- productionPlanEntry -->
  <testcase name="productionPlanEntry" time="0.0" classname="Production_Management.ProductionPlanEntryTestCase">
    <skipped/>
  </testcase> <!-- productionPlanEntry -->
  <testcase name="productionPlanEntry" time="0.0" classname="Production_Management.ProductionPlanEntryTestCase">
    <skipped/>
  </testcase> <!-- productionPlanEntry -->
  <testcase name="productionPlanEntry" time="0.0" classname="Production_Management.ProductionPlanEntryTestCase">
    <skipped/>
  </testcase> <!-- productionPlanEntry -->
  <testcase name="productionPlanEntry" time="0.0" classname="Production_Management.ProductionPlanEntryTestCase">
    <skipped/>
  </testcase> <!-- productionPlanEntry -->
  <testcase name="productionPlanEntry" time="0.0" classname="Production_Management.ProductionPlanEntryTestCase">
    <skipped/>
  </testcase> <!-- productionPlanEntry -->
  <testcase name="productionPlanEntry" time="0.0" classname="Production_Management.ProductionPlanEntryTestCase">
    <skipped/>
  </testcase> <!-- productionPlanEntry -->
  <testcase name="productionPlanEntry" time="0.0" classname="Production_Management.ProductionPlanEntryTestCase">
    <skipped/>
  </testcase> <!-- productionPlanEntry -->
  <testcase name="productionPlanEntry" time="0.0" classname="Production_Management.ProductionPlanEntryTestCase">
    <skipped/>
  </testcase> <!-- productionPlanEntry -->
  <testcase name="productionPlanEntry" time="0.0" classname="Production_Management.ProductionPlanEntryTestCase">
    <skipped/>
  </testcase> <!-- productionPlanEntry -->
  <testcase name="productionPlanEntry" time="0.0" classname="Production_Management.ProductionPlanEntryTestCase">
    <skipped/>
  </testcase> <!-- productionPlanEntry -->
  <testcase name="productionPlanEntry" time="0.0" classname="Production_Management.ProductionPlanEntryTestCase">
    <skipped/>
  </testcase> <!-- productionPlanEntry -->
  <testcase name="productionPlanEntry" time="0.0" classname="Production_Management.ProductionPlanEntryTestCase">
    <skipped/>
  </testcase> <!-- productionPlanEntry -->
  <testcase name="productionPlanEntry" time="0.0" classname="Production_Management.ProductionPlanEntryTestCase">
    <skipped/>
  </testcase> <!-- productionPlanEntry -->
  <testcase name="productionPlanEntry" time="0.0" classname="Production_Management.ProductionPlanEntryTestCase">
    <skipped/>
  </testcase> <!-- productionPlanEntry -->
  <testcase name="productionPlanEntry" time="0.0" classname="Production_Management.ProductionPlanEntryTestCase">
    <skipped/>
  </testcase> <!-- productionPlanEntry -->
  <testcase name="productionPlanEntry" time="0.0" classname="Production_Management.ProductionPlanEntryTestCase">
    <skipped/>
  </testcase> <!-- productionPlanEntry -->
  <testcase name="productionPlanEntry" time="0.0" classname="Production_Management.ProductionPlanEntryTestCase">
    <skipped/>
  </testcase> <!-- productionPlanEntry -->
  <testcase name="productionPlanEntry" time="0.0" classname="Production_Management.ProductionPlanEntryTestCase">
    <skipped/>
  </testcase> <!-- productionPlanEntry -->
  <testcase name="productionPlanEntry" time="0.0" classname="Production_Management.ProductionPlanEntryTestCase">
    <skipped/>
  </testcase> <!-- productionPlanEntry -->
  <testcase name="productionPlanEntry" time="0.0" classname="Production_Management.ProductionPlanEntryTestCase">
    <skipped/>
  </testcase> <!-- productionPlanEntry -->
  <testcase name="productionPlanEntry" time="0.0" classname="Production_Management.ProductionPlanEntryTestCase">
    <skipped/>
  </testcase> <!-- productionPlanEntry -->
  <testcase name="productionPlanEntry" time="0.0" classname="Production_Management.ProductionPlanEntryTestCase">
    <skipped/>
  </testcase> <!-- productionPlanEntry -->
  <testcase name="productionPlanEntry" time="0.0" classname="Production_Management.ProductionPlanEntryTestCase">
    <skipped/>
  </testcase> <!-- productionPlanEntry -->
  <testcase name="productionPlanEntry" time="0.0" classname="Production_Management.ProductionPlanEntryTestCase">
    <skipped/>
  </testcase> <!-- productionPlanEntry -->
  <testcase name="productionPlanEntry" time="0.0" classname="Production_Management.ProductionPlanEntryTestCase">
    <skipped/>
  </testcase> <!-- productionPlanEntry -->
  <testcase name="productionPlanEntry" time="0.0" classname="Production_Management.ProductionPlanEntryTestCase">
    <skipped/>
  </testcase> <!-- productionPlanEntry -->
  <testcase name="productionPlanEntry" time="0.0" classname="Production_Management.ProductionPlanEntryTestCase">
    <skipped/>
  </testcase> <!-- productionPlanEntry -->
  <testcase name="productionPlanEntry" time="0.0" classname="Production_Management.ProductionPlanEntryTestCase">
    <skipped/>
  </testcase> <!-- productionPlanEntry -->
  <testcase name="productionPlanEntry" time="0.0" classname="Production_Management.ProductionPlanEntryTestCase">
    <skipped/>
  </testcase> <!-- productionPlanEntry -->
  <testcase name="productionPlanEntry" time="0.0" classname="Production_Management.ProductionPlanEntryTestCase">
    <skipped/>
  </testcase> <!-- productionPlanEntry -->
  <testcase name="productionPlanEntry" time="0.0" classname="Production_Management.ProductionPlanEntryTestCase">
    <skipped/>
  </testcase> <!-- productionPlanEntry -->
  <testcase name="productionPlanEntry" time="0.0" classname="Production_Management.ProductionPlanEntryTestCase">
    <skipped/>
  </testcase> <!-- productionPlanEntry -->
  <testcase name="productionPlanEntry" time="0.0" classname="Production_Management.ProductionPlanEntryTestCase">
    <skipped/>
  </testcase> <!-- productionPlanEntry -->
  <testcase name="productionPlanEntry" time="0.0" classname="Production_Management.ProductionPlanEntryTestCase">
    <skipped/>
  </testcase> <!-- productionPlanEntry -->
  <testcase name="productionPlanEntry" time="0.0" classname="Production_Management.ProductionPlanEntryTestCase">
    <skipped/>
  </testcase> <!-- productionPlanEntry -->
  <testcase name="productionPlanEntry" time="0.0" classname="Production_Management.ProductionPlanEntryTestCase">
    <skipped/>
  </testcase> <!-- productionPlanEntry -->
  <testcase name="productionPlanEntry" time="0.0" classname="Production_Management.ProductionPlanEntryTestCase">
    <skipped/>
  </testcase> <!-- productionPlanEntry -->
  <testcase name="productionPlanEntry" time="0.0" classname="Production_Management.ProductionPlanEntryTestCase">
    <skipped/>
  </testcase> <!-- productionPlanEntry -->
  <testcase name="productionPlanEntry" time="0.0" classname="Production_Management.ProductionPlanEntryTestCase">
    <skipped/>
  </testcase> <!-- productionPlanEntry -->
  <testcase name="productionPlanEntry" time="0.0" classname="Production_Management.ProductionPlanEntryTestCase">
    <skipped/>
  </testcase> <!-- productionPlanEntry -->
  <testcase name="productionPlanEntry" time="0.0" classname="Production_Management.ProductionPlanEntryTestCase">
    <skipped/>
  </testcase> <!-- productionPlanEntry -->
  <testcase name="productionPlanEntry" time="0.0" classname="Production_Management.ProductionPlanEntryTestCase">
    <skipped/>
  </testcase> <!-- productionPlanEntry -->
  <testcase name="productionPlanEntry" time="0.0" classname="Production_Management.ProductionPlanEntryTestCase">
    <skipped/>
  </testcase> <!-- productionPlanEntry -->
  <testcase name="productionPlanEntry" time="0.0" classname="Production_Management.ProductionPlanEntryTestCase">
    <skipped/>
  </testcase> <!-- productionPlanEntry -->
  <testcase name="productionPlanEntry" time="0.0" classname="Production_Management.ProductionPlanEntryTestCase">
    <skipped/>
  </testcase> <!-- productionPlanEntry -->
  <testcase name="productionPlanEntry" time="0.0" classname="Production_Management.ProductionPlanEntryTestCase">
    <skipped/>
  </testcase> <!-- productionPlanEntry -->
  <testcase name="productionPlanEntry" time="0.0" classname="Production_Management.ProductionPlanEntryTestCase">
    <skipped/>
  </testcase> <!-- productionPlanEntry -->
  <testcase name="productionPlanEntry" time="0.0" classname="Production_Management.ProductionPlanEntryTestCase">
    <skipped/>
  </testcase> <!-- productionPlanEntry -->
  <testcase name="productionPlanEntry" time="0.0" classname="Production_Management.ProductionPlanEntryTestCase">
    <skipped/>
  </testcase> <!-- productionPlanEntry -->
  <testcase name="productionPlanEntry" time="0.0" classname="Production_Management.ProductionPlanEntryTestCase">
    <skipped/>
  </testcase> <!-- productionPlanEntry -->
  <testcase name="productionPlanEntry" time="0.0" classname="Production_Management.ProductionPlanEntryTestCase">
    <skipped/>
  </testcase> <!-- productionPlanEntry -->
  <testcase name="productionPlanEntry" time="0.0" classname="Production_Management.ProductionPlanEntryTestCase">
    <skipped/>
  </testcase> <!-- productionPlanEntry -->
  <testcase name="productionPlanEntry" time="0.0" classname="Production_Management.ProductionPlanEntryTestCase">
    <skipped/>
  </testcase> <!-- productionPlanEntry -->
  <testcase name="productionPlanEntry" time="0.0" classname="Production_Management.ProductionPlanEntryTestCase">
    <skipped/>
  </testcase> <!-- productionPlanEntry -->
  <testcase name="productionPlanEntry" time="0.0" classname="Production_Management.ProductionPlanEntryTestCase">
    <skipped/>
  </testcase> <!-- productionPlanEntry -->
  <testcase name="productionPlanEntry" time="0.0" classname="Production_Management.ProductionPlanEntryTestCase">
    <skipped/>
  </testcase> <!-- productionPlanEntry -->
  <testcase name="productionPlanEntry" time="0.0" classname="Production_Management.ProductionPlanEntryTestCase">
    <skipped/>
  </testcase> <!-- productionPlanEntry -->
  <testcase name="productionPlanEntry" time="0.0" classname="Production_Management.ProductionPlanEntryTestCase">
    <skipped/>
  </testcase> <!-- productionPlanEntry -->
  <testcase name="productionPlanEntry" time="0.0" classname="Production_Management.ProductionPlanEntryTestCase">
    <skipped/>
  </testcase> <!-- productionPlanEntry -->
  <testcase name="productionPlanEntry" time="0.0" classname="Production_Management.ProductionPlanEntryTestCase">
    <skipped/>
  </testcase> <!-- productionPlanEntry -->
  <testcase name="productionPlanEntry" time="0.0" classname="Production_Management.ProductionPlanEntryTestCase">
    <skipped/>
  </testcase> <!-- productionPlanEntry -->
  <testcase name="productionPlanEntry" time="0.0" classname="Production_Management.ProductionPlanEntryTestCase">
    <skipped/>
  </testcase> <!-- productionPlanEntry -->
  <testcase name="productionPlanEntry" time="0.0" classname="Production_Management.ProductionPlanEntryTestCase">
    <skipped/>
  </testcase> <!-- productionPlanEntry -->
  <testcase name="productionPlanEntry" time="0.0" classname="Production_Management.ProductionPlanEntryTestCase">
    <skipped/>
  </testcase> <!-- productionPlanEntry -->
  <testcase name="productionPlanEntry" time="0.0" classname="Production_Management.ProductionPlanEntryTestCase">
    <skipped/>
  </testcase> <!-- productionPlanEntry -->
  <testcase name="productionPlanEntry" time="0.0" classname="Production_Management.ProductionPlanEntryTestCase">
    <skipped/>
  </testcase> <!-- productionPlanEntry -->
  <testcase name="productionPlanEntry" time="0.0" classname="Production_Management.ProductionPlanEntryTestCase">
    <skipped/>
  </testcase> <!-- productionPlanEntry -->
  <testcase name="productionPlanEntry" time="0.0" classname="Production_Management.ProductionPlanEntryTestCase">
    <skipped/>
  </testcase> <!-- productionPlanEntry -->
  <testcase name="productionPlanEntry" time="0.0" classname="Production_Management.ProductionPlanEntryTestCase">
    <skipped/>
  </testcase> <!-- productionPlanEntry -->
  <testcase name="productionPlanEntry" time="0.0" classname="Production_Management.ProductionPlanEntryTestCase">
    <skipped/>
  </testcase> <!-- productionPlanEntry -->
  <testcase name="productionPlanEntry" time="0.0" classname="Production_Management.ProductionPlanEntryTestCase">
    <skipped/>
  </testcase> <!-- productionPlanEntry -->
  <testcase name="productionPlanEntry" time="0.0" classname="Production_Management.ProductionPlanEntryTestCase">
    <skipped/>
  </testcase> <!-- productionPlanEntry -->
  <testcase name="productionPlanEntry" time="0.0" classname="Production_Management.ProductionPlanEntryTestCase">
    <skipped/>
  </testcase> <!-- productionPlanEntry -->
  <testcase name="productionPlanEntry" time="0.0" classname="Production_Management.ProductionPlanEntryTestCase">
    <skipped/>
  </testcase> <!-- productionPlanEntry -->
  <testcase name="productionPlanEntry" time="0.0" classname="Production_Management.ProductionPlanEntryTestCase">
    <skipped/>
  </testcase> <!-- productionPlanEntry -->
  <testcase name="productionPlanEntry" time="0.0" classname="Production_Management.ProductionPlanEntryTestCase">
    <skipped/>
  </testcase> <!-- productionPlanEntry -->
  <testcase name="productionPlanEntry" time="0.0" classname="Production_Management.ProductionPlanEntryTestCase">
    <skipped/>
  </testcase> <!-- productionPlanEntry -->
  <testcase name="productionPlanEntry" time="0.0" classname="Production_Management.ProductionPlanEntryTestCase">
    <skipped/>
  </testcase> <!-- productionPlanEntry -->
  <testcase name="productionPlanEntry" time="0.0" classname="Production_Management.ProductionPlanEntryTestCase">
    <skipped/>
  </testcase> <!-- productionPlanEntry -->
  <testcase name="productionPlanEntry" time="0.0" classname="Production_Management.ProductionPlanEntryTestCase">
    <skipped/>
  </testcase> <!-- productionPlanEntry -->
  <testcase name="productionPlanEntry" time="0.0" classname="Production_Management.ProductionPlanEntryTestCase">
    <skipped/>
  </testcase> <!-- productionPlanEntry -->
  <testcase name="productionPlanEntry" time="0.0" classname="Production_Management.ProductionPlanEntryTestCase">
    <skipped/>
  </testcase> <!-- productionPlanEntry -->
  <testcase name="productionPlanEntry" time="0.0" classname="Production_Management.ProductionPlanEntryTestCase">
    <skipped/>
  </testcase> <!-- productionPlanEntry -->
  <testcase name="productionPlanEntry" time="0.0" classname="Production_Management.ProductionPlanEntryTestCase">
    <skipped/>
  </testcase> <!-- productionPlanEntry -->
  <testcase name="productionPlanEntry" time="0.0" classname="Production_Management.ProductionPlanEntryTestCase">
    <skipped/>
  </testcase> <!-- productionPlanEntry -->
</testsuite> <!-- Production Management -->
